2020-01-09 15:44:02,335 INFO o.a.j.u.JMeterUtils: Setting Locale to en_EN
2020-01-09 15:44:02,349 INFO o.a.j.JMeter: Loading user properties from: user.properties
2020-01-09 15:44:02,350 INFO o.a.j.JMeter: Loading system properties from: system.properties
2020-01-09 15:44:02,357 INFO o.a.j.JMeter: Copyright (c) 1998-2018 The Apache Software Foundation
2020-01-09 15:44:02,357 INFO o.a.j.JMeter: Version 4.0 r1823414
2020-01-09 15:44:02,357 INFO o.a.j.JMeter: java.version=1.8.0_231
2020-01-09 15:44:02,357 INFO o.a.j.JMeter: java.vm.name=Java HotSpot(TM) 64-Bit Server VM
2020-01-09 15:44:02,357 INFO o.a.j.JMeter: os.name=Windows 10
2020-01-09 15:44:02,357 INFO o.a.j.JMeter: os.arch=amd64
2020-01-09 15:44:02,357 INFO o.a.j.JMeter: os.version=10.0
2020-01-09 15:44:02,357 INFO o.a.j.JMeter: file.encoding=Cp1252
2020-01-09 15:44:02,357 INFO o.a.j.JMeter: Max memory     =3221225472
2020-01-09 15:44:02,357 INFO o.a.j.JMeter: Available Processors =4
2020-01-09 15:44:02,362 INFO o.a.j.JMeter: Default Locale=English (EN)
2020-01-09 15:44:02,362 INFO o.a.j.JMeter: JMeter  Locale=English (EN)
2020-01-09 15:44:02,362 INFO o.a.j.JMeter: JMeterHome=D:\Herramientas\apache-jmeter-4.0
2020-01-09 15:44:02,362 INFO o.a.j.JMeter: user.dir  =D:\Herramientas\apache-jmeter-4.0\bin
2020-01-09 15:44:02,363 INFO o.a.j.JMeter: PWD       =D:\Herramientas\apache-jmeter-4.0\bin
2020-01-09 15:44:02,365 INFO o.a.j.JMeter: IP: 10.23.186.43 Name: bpuio01609066L FullName: bpuio01609066L.uio.bpichincha.com
2020-01-09 15:44:03,053 INFO o.a.j.g.a.LookAndFeelCommand: Installing Darcula LAF
2020-01-09 15:44:03,338 INFO o.a.j.g.a.LookAndFeelCommand: Using look and feel: com.bulenkov.darcula.DarculaLaf [Darcula]
2020-01-09 15:44:03,339 INFO o.a.j.JMeter: Setting LAF to: com.bulenkov.darcula.DarculaLaf
2020-01-09 15:44:03,764 INFO o.a.j.JMeter: Loaded icon properties from org/apache/jmeter/images/icon.properties
2020-01-09 15:44:06,514 INFO o.a.j.e.u.CompoundVariable: Note: Function class names must contain the string: '.functions.'
2020-01-09 15:44:06,515 INFO o.a.j.e.u.CompoundVariable: Note: Function class names must not contain the string: '.gui.'
2020-01-09 15:44:10,348 WARN o.j.r.PluginManager: Found JAR conflict: D:\Herramientas\apache-jmeter-4.0\lib\commons-collections-3.2.2.jar and D:\Herramientas\apache-jmeter-4.0\lib\commons-collections-3.2.1.jar
2020-01-09 15:44:10,994 INFO o.j.r.JARSourceHTTP: Requesting https://jmeter-plugins.org/repo/?installID=windows_10-85931841bd000a5a0747b9ece41c1d9c-gui
2020-01-09 15:44:13,110 INFO o.a.j.p.h.s.HTTPSamplerBase: Parser for text/html is org.apache.jmeter.protocol.http.parser.LagartoBasedHtmlParser
2020-01-09 15:44:13,111 INFO o.a.j.p.h.s.HTTPSamplerBase: Parser for application/xhtml+xml is org.apache.jmeter.protocol.http.parser.LagartoBasedHtmlParser
2020-01-09 15:44:13,113 INFO o.a.j.p.h.s.HTTPSamplerBase: Parser for application/xml is org.apache.jmeter.protocol.http.parser.LagartoBasedHtmlParser
2020-01-09 15:44:13,113 INFO o.a.j.p.h.s.HTTPSamplerBase: Parser for text/xml is org.apache.jmeter.protocol.http.parser.LagartoBasedHtmlParser
2020-01-09 15:44:13,113 INFO o.a.j.p.h.s.HTTPSamplerBase: Parser for text/vnd.wap.wml is org.apache.jmeter.protocol.http.parser.RegexpHTMLParser
2020-01-09 15:44:13,113 INFO o.a.j.p.h.s.HTTPSamplerBase: Parser for text/css is org.apache.jmeter.protocol.http.parser.CssParser
2020-01-09 15:44:14,453 INFO o.j.r.PluginManager: Plugins Status: [jpgc-graphs-basic=2.0, jpgc-graphs-additional=2.0, jpgc-graphs-composite=2.0, jpgc-functions=2.1, jpgc-casutg=2.7, jpgc-graphs-dist=2.0, jpgc-dummy=0.2, jpgc-ffw=2.0, jpgc-fifo=0.2, kafkameter=0.2.0, jpgc-perfmon=2.1, jpgc-plugins-manager=1.3, jpgc-tst=2.5, jmeter-core=4.0, jmeter-ftp=4.0, jmeter-http=4.0, jmeter-jdbc=4.0, jmeter-jms=4.0, jmeter-junit=4.0, jmeter-java=4.0, jmeter-ldap=4.0, jmeter-mail=4.0, jmeter-mongodb=4.0, jmeter-native=4.0, jmeter-tcp=4.0, jmeter-components=4.0, jpgc-standard=2.0]
2020-01-09 15:44:14,456 INFO o.j.r.PluginManagerMenuItem: Plugins Manager has upgrades: [jpgc-casutg, jpgc-dummy]
2020-01-09 15:44:14,836 INFO o.a.j.e.KeyToolUtils: keytool found at 'keytool'
2020-01-09 15:44:14,837 INFO o.a.j.p.h.p.ProxyControl: HTTP(S) Test Script Recorder SSL Proxy will use keys that support embedded 3rd party resources in file D:\Herramientas\apache-jmeter-4.0\bin\proxyserver.jks
2020-01-09 15:44:15,061 INFO o.a.j.s.FileServer: Default base='D:\Herramientas\apache-jmeter-4.0\bin'
2020-01-09 15:44:16,610 INFO o.a.j.s.SampleResult: Note: Sample TimeStamps are START times
2020-01-09 15:44:16,610 INFO o.a.j.s.SampleResult: sampleresult.default.encoding is set to ISO-8859-1
2020-01-09 15:44:16,610 INFO o.a.j.s.SampleResult: sampleresult.useNanoTime=true
2020-01-09 15:44:16,610 INFO o.a.j.s.SampleResult: sampleresult.nanoThreadSleep=5000
2020-01-09 16:48:30,675 INFO o.a.j.s.SaveService: Testplan (JMX) version: 2.2. Testlog (JTL) version: 2.2
2020-01-09 16:48:30,720 INFO o.a.j.s.SaveService: Using SaveService properties file encoding UTF-8
2020-01-09 16:48:30,721 INFO o.a.j.s.SaveService: Using SaveService properties version 4.0
2020-01-09 16:48:30,751 INFO o.a.j.s.SampleEvent: List of sample_variables: []
2020-01-09 16:52:47,537 WARN o.a.j.s.CSVSaveService: Error parsing field 'allThreads' at line 506. java.lang.NumberFormatException: For input string: "1 POST Envio Mensajes Kafka"
2020-01-09 16:52:47,539 WARN o.a.j.r.ResultCollector: Problem reading JTL file: D:\Herramientas\apache-jmeter-4.0\bin\32500_usuariosVirtuales_60M.jtl
org.apache.jorphan.util.JMeterError: java.lang.NumberFormatException: For input string: "1 POST Envio Mensajes Kafka"
	at org.apache.jmeter.save.CSVSaveService.makeResultFromDelimitedString(CSVSaveService.java:376) ~[ApacheJMeter_core.jar:4.0 r1823414]
	at org.apache.jmeter.save.CSVSaveService.processSamples(CSVSaveService.java:171) ~[ApacheJMeter_core.jar:4.0 r1823414]
	at org.apache.jmeter.reporters.ResultCollector.loadExistingFile(ResultCollector.java:380) [ApacheJMeter_core.jar:4.0 r1823414]
	at kg.apc.jmeter.graphs.AbstractGraphPanelVisualizer.stateChanged(AbstractGraphPanelVisualizer.java:272) [jmeter-plugins-cmn-jmeter-0.4.jar:?]
	at org.apache.jmeter.gui.util.FilePanelEntry.fireFileChanged(FilePanelEntry.java:146) [ApacheJMeter_core.jar:4.0 r1823414]
	at org.apache.jmeter.gui.util.FilePanelEntry.actionPerformed(FilePanelEntry.java:161) [ApacheJMeter_core.jar:4.0 r1823414]
	at javax.swing.AbstractButton.fireActionPerformed(AbstractButton.java:2022) [?:1.8.0_231]
	at javax.swing.AbstractButton$Handler.actionPerformed(AbstractButton.java:2348) [?:1.8.0_231]
	at javax.swing.DefaultButtonModel.fireActionPerformed(DefaultButtonModel.java:402) [?:1.8.0_231]
	at javax.swing.DefaultButtonModel.setPressed(DefaultButtonModel.java:259) [?:1.8.0_231]
	at javax.swing.plaf.basic.BasicButtonListener.mouseReleased(BasicButtonListener.java:252) [?:1.8.0_231]
	at java.awt.Component.processMouseEvent(Component.java:6539) [?:1.8.0_231]
	at javax.swing.JComponent.processMouseEvent(JComponent.java:3324) [?:1.8.0_231]
	at java.awt.Component.processEvent(Component.java:6304) [?:1.8.0_231]
	at java.awt.Container.processEvent(Container.java:2239) [?:1.8.0_231]
	at java.awt.Component.dispatchEventImpl(Component.java:4889) [?:1.8.0_231]
	at java.awt.Container.dispatchEventImpl(Container.java:2297) [?:1.8.0_231]
	at java.awt.Component.dispatchEvent(Component.java:4711) [?:1.8.0_231]
	at java.awt.LightweightDispatcher.retargetMouseEvent(Container.java:4904) [?:1.8.0_231]
	at java.awt.LightweightDispatcher.processMouseEvent(Container.java:4535) [?:1.8.0_231]
	at java.awt.LightweightDispatcher.dispatchEvent(Container.java:4476) [?:1.8.0_231]
	at java.awt.Container.dispatchEventImpl(Container.java:2283) [?:1.8.0_231]
	at java.awt.Window.dispatchEventImpl(Window.java:2746) [?:1.8.0_231]
	at java.awt.Component.dispatchEvent(Component.java:4711) [?:1.8.0_231]
	at java.awt.EventQueue.dispatchEventImpl(EventQueue.java:760) [?:1.8.0_231]
	at java.awt.EventQueue.access$500(EventQueue.java:97) [?:1.8.0_231]
	at java.awt.EventQueue$3.run(EventQueue.java:709) [?:1.8.0_231]
	at java.awt.EventQueue$3.run(EventQueue.java:703) [?:1.8.0_231]
	at java.security.AccessController.doPrivileged(Native Method) [?:1.8.0_231]
	at java.security.ProtectionDomain$JavaSecurityAccessImpl.doIntersectionPrivilege(ProtectionDomain.java:74) [?:1.8.0_231]
	at java.security.ProtectionDomain$JavaSecurityAccessImpl.doIntersectionPrivilege(ProtectionDomain.java:84) [?:1.8.0_231]
	at java.awt.EventQueue$4.run(EventQueue.java:733) [?:1.8.0_231]
	at java.awt.EventQueue$4.run(EventQueue.java:731) [?:1.8.0_231]
	at java.security.AccessController.doPrivileged(Native Method) [?:1.8.0_231]
	at java.security.ProtectionDomain$JavaSecurityAccessImpl.doIntersectionPrivilege(ProtectionDomain.java:74) [?:1.8.0_231]
	at java.awt.EventQueue.dispatchEvent(EventQueue.java:730) [?:1.8.0_231]
	at java.awt.EventDispatchThread.pumpOneEventForFilters(EventDispatchThread.java:205) [?:1.8.0_231]
	at java.awt.EventDispatchThread.pumpEventsForFilter(EventDispatchThread.java:116) [?:1.8.0_231]
	at java.awt.EventDispatchThread.pumpEventsForHierarchy(EventDispatchThread.java:105) [?:1.8.0_231]
	at java.awt.EventDispatchThread.pumpEvents(EventDispatchThread.java:101) [?:1.8.0_231]
	at java.awt.EventDispatchThread.pumpEvents(EventDispatchThread.java:93) [?:1.8.0_231]
	at java.awt.EventDispatchThread.run(EventDispatchThread.java:82) [?:1.8.0_231]
Caused by: java.lang.NumberFormatException: For input string: "1 POST Envio Mensajes Kafka"
	at java.lang.NumberFormatException.forInputString(NumberFormatException.java:65) ~[?:1.8.0_231]
	at java.lang.Integer.parseInt(Integer.java:580) ~[?:1.8.0_231]
	at java.lang.Integer.parseInt(Integer.java:615) ~[?:1.8.0_231]
	at org.apache.jmeter.save.CSVSaveService.makeResultFromDelimitedString(CSVSaveService.java:317) ~[ApacheJMeter_core.jar:4.0 r1823414]
	... 41 more
2020-01-09 16:53:41,245 WARN o.a.j.s.CSVSaveService: Insufficient columns to parse field 'sentBytes' at line 2841
2020-01-09 16:53:41,245 WARN o.a.j.r.ResultCollector: Problem reading JTL file: D:\Herramientas\apache-jmeter-4.0\bin\65000_usuariosVirtuales_60M.jtl
org.apache.jorphan.util.JMeterError: java.lang.ArrayIndexOutOfBoundsException: 10
	at org.apache.jmeter.save.CSVSaveService.makeResultFromDelimitedString(CSVSaveService.java:379) ~[ApacheJMeter_core.jar:4.0 r1823414]
	at org.apache.jmeter.save.CSVSaveService.processSamples(CSVSaveService.java:171) ~[ApacheJMeter_core.jar:4.0 r1823414]
	at org.apache.jmeter.reporters.ResultCollector.loadExistingFile(ResultCollector.java:380) [ApacheJMeter_core.jar:4.0 r1823414]
	at kg.apc.jmeter.graphs.AbstractGraphPanelVisualizer.stateChanged(AbstractGraphPanelVisualizer.java:272) [jmeter-plugins-cmn-jmeter-0.4.jar:?]
	at org.apache.jmeter.gui.util.FilePanelEntry.fireFileChanged(FilePanelEntry.java:146) [ApacheJMeter_core.jar:4.0 r1823414]
	at org.apache.jmeter.gui.util.FilePanelEntry.actionPerformed(FilePanelEntry.java:161) [ApacheJMeter_core.jar:4.0 r1823414]
	at javax.swing.AbstractButton.fireActionPerformed(AbstractButton.java:2022) [?:1.8.0_231]
	at javax.swing.AbstractButton$Handler.actionPerformed(AbstractButton.java:2348) [?:1.8.0_231]
	at javax.swing.DefaultButtonModel.fireActionPerformed(DefaultButtonModel.java:402) [?:1.8.0_231]
	at javax.swing.DefaultButtonModel.setPressed(DefaultButtonModel.java:259) [?:1.8.0_231]
	at javax.swing.plaf.basic.BasicButtonListener.mouseReleased(BasicButtonListener.java:252) [?:1.8.0_231]
	at java.awt.Component.processMouseEvent(Component.java:6539) [?:1.8.0_231]
	at javax.swing.JComponent.processMouseEvent(JComponent.java:3324) [?:1.8.0_231]
	at java.awt.Component.processEvent(Component.java:6304) [?:1.8.0_231]
	at java.awt.Container.processEvent(Container.java:2239) [?:1.8.0_231]
	at java.awt.Component.dispatchEventImpl(Component.java:4889) [?:1.8.0_231]
	at java.awt.Container.dispatchEventImpl(Container.java:2297) [?:1.8.0_231]
	at java.awt.Component.dispatchEvent(Component.java:4711) [?:1.8.0_231]
	at java.awt.LightweightDispatcher.retargetMouseEvent(Container.java:4904) [?:1.8.0_231]
	at java.awt.LightweightDispatcher.processMouseEvent(Container.java:4535) [?:1.8.0_231]
	at java.awt.LightweightDispatcher.dispatchEvent(Container.java:4476) [?:1.8.0_231]
	at java.awt.Container.dispatchEventImpl(Container.java:2283) [?:1.8.0_231]
	at java.awt.Window.dispatchEventImpl(Window.java:2746) [?:1.8.0_231]
	at java.awt.Component.dispatchEvent(Component.java:4711) [?:1.8.0_231]
	at java.awt.EventQueue.dispatchEventImpl(EventQueue.java:760) [?:1.8.0_231]
	at java.awt.EventQueue.access$500(EventQueue.java:97) [?:1.8.0_231]
	at java.awt.EventQueue$3.run(EventQueue.java:709) [?:1.8.0_231]
	at java.awt.EventQueue$3.run(EventQueue.java:703) [?:1.8.0_231]
	at java.security.AccessController.doPrivileged(Native Method) [?:1.8.0_231]
	at java.security.ProtectionDomain$JavaSecurityAccessImpl.doIntersectionPrivilege(ProtectionDomain.java:74) [?:1.8.0_231]
	at java.security.ProtectionDomain$JavaSecurityAccessImpl.doIntersectionPrivilege(ProtectionDomain.java:84) [?:1.8.0_231]
	at java.awt.EventQueue$4.run(EventQueue.java:733) [?:1.8.0_231]
	at java.awt.EventQueue$4.run(EventQueue.java:731) [?:1.8.0_231]
	at java.security.AccessController.doPrivileged(Native Method) [?:1.8.0_231]
	at java.security.ProtectionDomain$JavaSecurityAccessImpl.doIntersectionPrivilege(ProtectionDomain.java:74) [?:1.8.0_231]
	at java.awt.EventQueue.dispatchEvent(EventQueue.java:730) [?:1.8.0_231]
	at java.awt.EventDispatchThread.pumpOneEventForFilters(EventDispatchThread.java:205) [?:1.8.0_231]
	at java.awt.EventDispatchThread.pumpEventsForFilter(EventDispatchThread.java:116) [?:1.8.0_231]
	at java.awt.EventDispatchThread.pumpEventsForHierarchy(EventDispatchThread.java:105) [?:1.8.0_231]
	at java.awt.EventDispatchThread.pumpEvents(EventDispatchThread.java:101) [?:1.8.0_231]
	at java.awt.EventDispatchThread.pumpEvents(EventDispatchThread.java:93) [?:1.8.0_231]
	at java.awt.EventDispatchThread.run(EventDispatchThread.java:82) [?:1.8.0_231]
Caused by: java.lang.ArrayIndexOutOfBoundsException: 10
	at org.apache.jmeter.save.CSVSaveService.makeResultFromDelimitedString(CSVSaveService.java:306) ~[ApacheJMeter_core.jar:4.0 r1823414]
	... 41 more
2020-01-09 16:55:47,235 WARN o.a.j.s.CSVSaveService: Error parsing field 'allThreads' at line 506. java.lang.NumberFormatException: For input string: "1 POST Envio Mensajes Kafka"
2020-01-09 16:55:47,236 WARN o.a.j.r.ResultCollector: Problem reading JTL file: D:\Herramientas\apache-jmeter-4.0\bin\32500_usuariosVirtuales_60M.jtl
org.apache.jorphan.util.JMeterError: java.lang.NumberFormatException: For input string: "1 POST Envio Mensajes Kafka"
	at org.apache.jmeter.save.CSVSaveService.makeResultFromDelimitedString(CSVSaveService.java:376) ~[ApacheJMeter_core.jar:4.0 r1823414]
	at org.apache.jmeter.save.CSVSaveService.processSamples(CSVSaveService.java:171) ~[ApacheJMeter_core.jar:4.0 r1823414]
	at org.apache.jmeter.reporters.ResultCollector.loadExistingFile(ResultCollector.java:380) [ApacheJMeter_core.jar:4.0 r1823414]
	at kg.apc.jmeter.graphs.AbstractGraphPanelVisualizer.stateChanged(AbstractGraphPanelVisualizer.java:272) [jmeter-plugins-cmn-jmeter-0.4.jar:?]
	at org.apache.jmeter.gui.util.FilePanelEntry.fireFileChanged(FilePanelEntry.java:146) [ApacheJMeter_core.jar:4.0 r1823414]
	at org.apache.jmeter.gui.util.FilePanelEntry.actionPerformed(FilePanelEntry.java:164) [ApacheJMeter_core.jar:4.0 r1823414]
	at javax.swing.JTextField.fireActionPerformed(JTextField.java:508) [?:1.8.0_231]
	at javax.swing.JTextField.postActionEvent(JTextField.java:721) [?:1.8.0_231]
	at javax.swing.JTextField$NotifyAction.actionPerformed(JTextField.java:836) [?:1.8.0_231]
	at javax.swing.SwingUtilities.notifyAction(SwingUtilities.java:1668) [?:1.8.0_231]
	at javax.swing.JComponent.processKeyBinding(JComponent.java:2882) [?:1.8.0_231]
	at javax.swing.JComponent.processKeyBindings(JComponent.java:2929) [?:1.8.0_231]
	at javax.swing.JComponent.processKeyEvent(JComponent.java:2845) [?:1.8.0_231]
	at java.awt.Component.processEvent(Component.java:6316) [?:1.8.0_231]
	at java.awt.Container.processEvent(Container.java:2239) [?:1.8.0_231]
	at java.awt.Component.dispatchEventImpl(Component.java:4889) [?:1.8.0_231]
	at java.awt.Container.dispatchEventImpl(Container.java:2297) [?:1.8.0_231]
	at java.awt.Component.dispatchEvent(Component.java:4711) [?:1.8.0_231]
	at java.awt.KeyboardFocusManager.redispatchEvent(KeyboardFocusManager.java:1954) [?:1.8.0_231]
	at java.awt.DefaultKeyboardFocusManager.dispatchKeyEvent(DefaultKeyboardFocusManager.java:835) [?:1.8.0_231]
	at java.awt.DefaultKeyboardFocusManager.preDispatchKeyEvent(DefaultKeyboardFocusManager.java:1103) [?:1.8.0_231]
	at java.awt.DefaultKeyboardFocusManager.typeAheadAssertions(DefaultKeyboardFocusManager.java:974) [?:1.8.0_231]
	at java.awt.DefaultKeyboardFocusManager.dispatchEvent(DefaultKeyboardFocusManager.java:800) [?:1.8.0_231]
	at java.awt.Component.dispatchEventImpl(Component.java:4760) [?:1.8.0_231]
	at java.awt.Container.dispatchEventImpl(Container.java:2297) [?:1.8.0_231]
	at java.awt.Window.dispatchEventImpl(Window.java:2746) [?:1.8.0_231]
	at java.awt.Component.dispatchEvent(Component.java:4711) [?:1.8.0_231]
	at java.awt.EventQueue.dispatchEventImpl(EventQueue.java:760) [?:1.8.0_231]
	at java.awt.EventQueue.access$500(EventQueue.java:97) [?:1.8.0_231]
	at java.awt.EventQueue$3.run(EventQueue.java:709) [?:1.8.0_231]
	at java.awt.EventQueue$3.run(EventQueue.java:703) [?:1.8.0_231]
	at java.security.AccessController.doPrivileged(Native Method) [?:1.8.0_231]
	at java.security.ProtectionDomain$JavaSecurityAccessImpl.doIntersectionPrivilege(ProtectionDomain.java:74) [?:1.8.0_231]
	at java.security.ProtectionDomain$JavaSecurityAccessImpl.doIntersectionPrivilege(ProtectionDomain.java:84) [?:1.8.0_231]
	at java.awt.EventQueue$4.run(EventQueue.java:733) [?:1.8.0_231]
	at java.awt.EventQueue$4.run(EventQueue.java:731) [?:1.8.0_231]
	at java.security.AccessController.doPrivileged(Native Method) [?:1.8.0_231]
	at java.security.ProtectionDomain$JavaSecurityAccessImpl.doIntersectionPrivilege(ProtectionDomain.java:74) [?:1.8.0_231]
	at java.awt.EventQueue.dispatchEvent(EventQueue.java:730) [?:1.8.0_231]
	at java.awt.EventDispatchThread.pumpOneEventForFilters(EventDispatchThread.java:205) [?:1.8.0_231]
	at java.awt.EventDispatchThread.pumpEventsForFilter(EventDispatchThread.java:116) [?:1.8.0_231]
	at java.awt.EventDispatchThread.pumpEventsForHierarchy(EventDispatchThread.java:105) [?:1.8.0_231]
	at java.awt.EventDispatchThread.pumpEvents(EventDispatchThread.java:101) [?:1.8.0_231]
	at java.awt.EventDispatchThread.pumpEvents(EventDispatchThread.java:93) [?:1.8.0_231]
	at java.awt.EventDispatchThread.run(EventDispatchThread.java:82) [?:1.8.0_231]
Caused by: java.lang.NumberFormatException: For input string: "1 POST Envio Mensajes Kafka"
	at java.lang.NumberFormatException.forInputString(NumberFormatException.java:65) ~[?:1.8.0_231]
	at java.lang.Integer.parseInt(Integer.java:580) ~[?:1.8.0_231]
	at java.lang.Integer.parseInt(Integer.java:615) ~[?:1.8.0_231]
	at org.apache.jmeter.save.CSVSaveService.makeResultFromDelimitedString(CSVSaveService.java:317) ~[ApacheJMeter_core.jar:4.0 r1823414]
	... 44 more
2020-01-09 16:55:50,218 WARN o.a.j.s.CSVSaveService: Insufficient columns to parse field 'sentBytes' at line 2841
2020-01-09 16:55:50,218 WARN o.a.j.r.ResultCollector: Problem reading JTL file: D:\Herramientas\apache-jmeter-4.0\bin\65000_usuariosVirtuales_60M.jtl
org.apache.jorphan.util.JMeterError: java.lang.ArrayIndexOutOfBoundsException: 10
	at org.apache.jmeter.save.CSVSaveService.makeResultFromDelimitedString(CSVSaveService.java:379) ~[ApacheJMeter_core.jar:4.0 r1823414]
	at org.apache.jmeter.save.CSVSaveService.processSamples(CSVSaveService.java:171) ~[ApacheJMeter_core.jar:4.0 r1823414]
	at org.apache.jmeter.reporters.ResultCollector.loadExistingFile(ResultCollector.java:380) [ApacheJMeter_core.jar:4.0 r1823414]
	at kg.apc.jmeter.graphs.AbstractGraphPanelVisualizer.stateChanged(AbstractGraphPanelVisualizer.java:272) [jmeter-plugins-cmn-jmeter-0.4.jar:?]
	at org.apache.jmeter.gui.util.FilePanelEntry.fireFileChanged(FilePanelEntry.java:146) [ApacheJMeter_core.jar:4.0 r1823414]
	at org.apache.jmeter.gui.util.FilePanelEntry.actionPerformed(FilePanelEntry.java:164) [ApacheJMeter_core.jar:4.0 r1823414]
	at javax.swing.JTextField.fireActionPerformed(JTextField.java:508) [?:1.8.0_231]
	at javax.swing.JTextField.postActionEvent(JTextField.java:721) [?:1.8.0_231]
	at javax.swing.JTextField$NotifyAction.actionPerformed(JTextField.java:836) [?:1.8.0_231]
	at javax.swing.SwingUtilities.notifyAction(SwingUtilities.java:1668) [?:1.8.0_231]
	at javax.swing.JComponent.processKeyBinding(JComponent.java:2882) [?:1.8.0_231]
	at javax.swing.JComponent.processKeyBindings(JComponent.java:2929) [?:1.8.0_231]
	at javax.swing.JComponent.processKeyEvent(JComponent.java:2845) [?:1.8.0_231]
	at java.awt.Component.processEvent(Component.java:6316) [?:1.8.0_231]
	at java.awt.Container.processEvent(Container.java:2239) [?:1.8.0_231]
	at java.awt.Component.dispatchEventImpl(Component.java:4889) [?:1.8.0_231]
	at java.awt.Container.dispatchEventImpl(Container.java:2297) [?:1.8.0_231]
	at java.awt.Component.dispatchEvent(Component.java:4711) [?:1.8.0_231]
	at java.awt.KeyboardFocusManager.redispatchEvent(KeyboardFocusManager.java:1954) [?:1.8.0_231]
	at java.awt.DefaultKeyboardFocusManager.dispatchKeyEvent(DefaultKeyboardFocusManager.java:835) [?:1.8.0_231]
	at java.awt.DefaultKeyboardFocusManager.preDispatchKeyEvent(DefaultKeyboardFocusManager.java:1103) [?:1.8.0_231]
	at java.awt.DefaultKeyboardFocusManager.typeAheadAssertions(DefaultKeyboardFocusManager.java:974) [?:1.8.0_231]
	at java.awt.DefaultKeyboardFocusManager.dispatchEvent(DefaultKeyboardFocusManager.java:800) [?:1.8.0_231]
	at java.awt.Component.dispatchEventImpl(Component.java:4760) [?:1.8.0_231]
	at java.awt.Container.dispatchEventImpl(Container.java:2297) [?:1.8.0_231]
	at java.awt.Window.dispatchEventImpl(Window.java:2746) [?:1.8.0_231]
	at java.awt.Component.dispatchEvent(Component.java:4711) [?:1.8.0_231]
	at java.awt.EventQueue.dispatchEventImpl(EventQueue.java:760) [?:1.8.0_231]
	at java.awt.EventQueue.access$500(EventQueue.java:97) [?:1.8.0_231]
	at java.awt.EventQueue$3.run(EventQueue.java:709) [?:1.8.0_231]
	at java.awt.EventQueue$3.run(EventQueue.java:703) [?:1.8.0_231]
	at java.security.AccessController.doPrivileged(Native Method) [?:1.8.0_231]
	at java.security.ProtectionDomain$JavaSecurityAccessImpl.doIntersectionPrivilege(ProtectionDomain.java:74) [?:1.8.0_231]
	at java.security.ProtectionDomain$JavaSecurityAccessImpl.doIntersectionPrivilege(ProtectionDomain.java:84) [?:1.8.0_231]
	at java.awt.EventQueue$4.run(EventQueue.java:733) [?:1.8.0_231]
	at java.awt.EventQueue$4.run(EventQueue.java:731) [?:1.8.0_231]
	at java.security.AccessController.doPrivileged(Native Method) [?:1.8.0_231]
	at java.security.ProtectionDomain$JavaSecurityAccessImpl.doIntersectionPrivilege(ProtectionDomain.java:74) [?:1.8.0_231]
	at java.awt.EventQueue.dispatchEvent(EventQueue.java:730) [?:1.8.0_231]
	at java.awt.EventDispatchThread.pumpOneEventForFilters(EventDispatchThread.java:205) [?:1.8.0_231]
	at java.awt.EventDispatchThread.pumpEventsForFilter(EventDispatchThread.java:116) [?:1.8.0_231]
	at java.awt.EventDispatchThread.pumpEventsForHierarchy(EventDispatchThread.java:105) [?:1.8.0_231]
	at java.awt.EventDispatchThread.pumpEvents(EventDispatchThread.java:101) [?:1.8.0_231]
	at java.awt.EventDispatchThread.pumpEvents(EventDispatchThread.java:93) [?:1.8.0_231]
	at java.awt.EventDispatchThread.run(EventDispatchThread.java:82) [?:1.8.0_231]
Caused by: java.lang.ArrayIndexOutOfBoundsException: 10
	at org.apache.jmeter.save.CSVSaveService.makeResultFromDelimitedString(CSVSaveService.java:306) ~[ApacheJMeter_core.jar:4.0 r1823414]
	... 44 more
2020-01-09 16:56:41,045 WARN o.a.j.s.CSVSaveService: Insufficient columns to parse field 'sentBytes' at line 2841
2020-01-09 16:56:41,045 WARN o.a.j.r.ResultCollector: Problem reading JTL file: D:\Herramientas\apache-jmeter-4.0\bin\65000_usuariosVirtuales_60M.jtl
org.apache.jorphan.util.JMeterError: java.lang.ArrayIndexOutOfBoundsException: 10
	at org.apache.jmeter.save.CSVSaveService.makeResultFromDelimitedString(CSVSaveService.java:379) ~[ApacheJMeter_core.jar:4.0 r1823414]
	at org.apache.jmeter.save.CSVSaveService.processSamples(CSVSaveService.java:171) ~[ApacheJMeter_core.jar:4.0 r1823414]
	at org.apache.jmeter.reporters.ResultCollector.loadExistingFile(ResultCollector.java:380) [ApacheJMeter_core.jar:4.0 r1823414]
	at kg.apc.jmeter.graphs.AbstractGraphPanelVisualizer.stateChanged(AbstractGraphPanelVisualizer.java:272) [jmeter-plugins-cmn-jmeter-0.4.jar:?]
	at org.apache.jmeter.gui.util.FilePanelEntry.fireFileChanged(FilePanelEntry.java:146) [ApacheJMeter_core.jar:4.0 r1823414]
	at org.apache.jmeter.gui.util.FilePanelEntry.actionPerformed(FilePanelEntry.java:164) [ApacheJMeter_core.jar:4.0 r1823414]
	at javax.swing.JTextField.fireActionPerformed(JTextField.java:508) [?:1.8.0_231]
	at javax.swing.JTextField.postActionEvent(JTextField.java:721) [?:1.8.0_231]
	at javax.swing.JTextField$NotifyAction.actionPerformed(JTextField.java:836) [?:1.8.0_231]
	at javax.swing.SwingUtilities.notifyAction(SwingUtilities.java:1668) [?:1.8.0_231]
	at javax.swing.JComponent.processKeyBinding(JComponent.java:2882) [?:1.8.0_231]
	at javax.swing.JComponent.processKeyBindings(JComponent.java:2929) [?:1.8.0_231]
	at javax.swing.JComponent.processKeyEvent(JComponent.java:2845) [?:1.8.0_231]
	at java.awt.Component.processEvent(Component.java:6316) [?:1.8.0_231]
	at java.awt.Container.processEvent(Container.java:2239) [?:1.8.0_231]
	at java.awt.Component.dispatchEventImpl(Component.java:4889) [?:1.8.0_231]
	at java.awt.Container.dispatchEventImpl(Container.java:2297) [?:1.8.0_231]
	at java.awt.Component.dispatchEvent(Component.java:4711) [?:1.8.0_231]
	at java.awt.KeyboardFocusManager.redispatchEvent(KeyboardFocusManager.java:1954) [?:1.8.0_231]
	at java.awt.DefaultKeyboardFocusManager.dispatchKeyEvent(DefaultKeyboardFocusManager.java:835) [?:1.8.0_231]
	at java.awt.DefaultKeyboardFocusManager.preDispatchKeyEvent(DefaultKeyboardFocusManager.java:1103) [?:1.8.0_231]
	at java.awt.DefaultKeyboardFocusManager.typeAheadAssertions(DefaultKeyboardFocusManager.java:974) [?:1.8.0_231]
	at java.awt.DefaultKeyboardFocusManager.dispatchEvent(DefaultKeyboardFocusManager.java:800) [?:1.8.0_231]
	at java.awt.Component.dispatchEventImpl(Component.java:4760) [?:1.8.0_231]
	at java.awt.Container.dispatchEventImpl(Container.java:2297) [?:1.8.0_231]
	at java.awt.Window.dispatchEventImpl(Window.java:2746) [?:1.8.0_231]
	at java.awt.Component.dispatchEvent(Component.java:4711) [?:1.8.0_231]
	at java.awt.EventQueue.dispatchEventImpl(EventQueue.java:760) [?:1.8.0_231]
	at java.awt.EventQueue.access$500(EventQueue.java:97) [?:1.8.0_231]
	at java.awt.EventQueue$3.run(EventQueue.java:709) [?:1.8.0_231]
	at java.awt.EventQueue$3.run(EventQueue.java:703) [?:1.8.0_231]
	at java.security.AccessController.doPrivileged(Native Method) [?:1.8.0_231]
	at java.security.ProtectionDomain$JavaSecurityAccessImpl.doIntersectionPrivilege(ProtectionDomain.java:74) [?:1.8.0_231]
	at java.security.ProtectionDomain$JavaSecurityAccessImpl.doIntersectionPrivilege(ProtectionDomain.java:84) [?:1.8.0_231]
	at java.awt.EventQueue$4.run(EventQueue.java:733) [?:1.8.0_231]
	at java.awt.EventQueue$4.run(EventQueue.java:731) [?:1.8.0_231]
	at java.security.AccessController.doPrivileged(Native Method) [?:1.8.0_231]
	at java.security.ProtectionDomain$JavaSecurityAccessImpl.doIntersectionPrivilege(ProtectionDomain.java:74) [?:1.8.0_231]
	at java.awt.EventQueue.dispatchEvent(EventQueue.java:730) [?:1.8.0_231]
	at java.awt.EventDispatchThread.pumpOneEventForFilters(EventDispatchThread.java:205) [?:1.8.0_231]
	at java.awt.EventDispatchThread.pumpEventsForFilter(EventDispatchThread.java:116) [?:1.8.0_231]
	at java.awt.EventDispatchThread.pumpEventsForHierarchy(EventDispatchThread.java:105) [?:1.8.0_231]
	at java.awt.EventDispatchThread.pumpEvents(EventDispatchThread.java:101) [?:1.8.0_231]
	at java.awt.EventDispatchThread.pumpEvents(EventDispatchThread.java:93) [?:1.8.0_231]
	at java.awt.EventDispatchThread.run(EventDispatchThread.java:82) [?:1.8.0_231]
Caused by: java.lang.ArrayIndexOutOfBoundsException: 10
	at org.apache.jmeter.save.CSVSaveService.makeResultFromDelimitedString(CSVSaveService.java:306) ~[ApacheJMeter_core.jar:4.0 r1823414]
	... 44 more
2020-01-09 16:57:44,697 WARN o.a.j.s.CSVSaveService: Insufficient columns to parse field 'sentBytes' at line 2841
2020-01-09 16:57:44,698 WARN o.a.j.r.ResultCollector: Problem reading JTL file: D:\Herramientas\apache-jmeter-4.0\bin\65000_usuariosVirtuales_60M.jtl
org.apache.jorphan.util.JMeterError: java.lang.ArrayIndexOutOfBoundsException
	at org.apache.jmeter.save.CSVSaveService.makeResultFromDelimitedString(CSVSaveService.java:379) ~[ApacheJMeter_core.jar:4.0 r1823414]
	at org.apache.jmeter.save.CSVSaveService.processSamples(CSVSaveService.java:171) ~[ApacheJMeter_core.jar:4.0 r1823414]
	at org.apache.jmeter.reporters.ResultCollector.loadExistingFile(ResultCollector.java:380) [ApacheJMeter_core.jar:4.0 r1823414]
	at kg.apc.jmeter.graphs.AbstractGraphPanelVisualizer.stateChanged(AbstractGraphPanelVisualizer.java:272) [jmeter-plugins-cmn-jmeter-0.4.jar:?]
	at org.apache.jmeter.gui.util.FilePanelEntry.fireFileChanged(FilePanelEntry.java:146) [ApacheJMeter_core.jar:4.0 r1823414]
	at org.apache.jmeter.gui.util.FilePanelEntry.actionPerformed(FilePanelEntry.java:164) [ApacheJMeter_core.jar:4.0 r1823414]
	at javax.swing.JTextField.fireActionPerformed(JTextField.java:508) [?:1.8.0_231]
	at javax.swing.JTextField.postActionEvent(JTextField.java:721) [?:1.8.0_231]
	at javax.swing.JTextField$NotifyAction.actionPerformed(JTextField.java:836) [?:1.8.0_231]
	at javax.swing.SwingUtilities.notifyAction(SwingUtilities.java:1668) [?:1.8.0_231]
	at javax.swing.JComponent.processKeyBinding(JComponent.java:2882) [?:1.8.0_231]
	at javax.swing.JComponent.processKeyBindings(JComponent.java:2929) [?:1.8.0_231]
	at javax.swing.JComponent.processKeyEvent(JComponent.java:2845) [?:1.8.0_231]
	at java.awt.Component.processEvent(Component.java:6316) [?:1.8.0_231]
	at java.awt.Container.processEvent(Container.java:2239) [?:1.8.0_231]
	at java.awt.Component.dispatchEventImpl(Component.java:4889) [?:1.8.0_231]
	at java.awt.Container.dispatchEventImpl(Container.java:2297) [?:1.8.0_231]
	at java.awt.Component.dispatchEvent(Component.java:4711) [?:1.8.0_231]
	at java.awt.KeyboardFocusManager.redispatchEvent(KeyboardFocusManager.java:1954) [?:1.8.0_231]
	at java.awt.DefaultKeyboardFocusManager.dispatchKeyEvent(DefaultKeyboardFocusManager.java:835) [?:1.8.0_231]
	at java.awt.DefaultKeyboardFocusManager.preDispatchKeyEvent(DefaultKeyboardFocusManager.java:1103) [?:1.8.0_231]
	at java.awt.DefaultKeyboardFocusManager.typeAheadAssertions(DefaultKeyboardFocusManager.java:974) [?:1.8.0_231]
	at java.awt.DefaultKeyboardFocusManager.dispatchEvent(DefaultKeyboardFocusManager.java:800) [?:1.8.0_231]
	at java.awt.Component.dispatchEventImpl(Component.java:4760) [?:1.8.0_231]
	at java.awt.Container.dispatchEventImpl(Container.java:2297) [?:1.8.0_231]
	at java.awt.Window.dispatchEventImpl(Window.java:2746) [?:1.8.0_231]
	at java.awt.Component.dispatchEvent(Component.java:4711) [?:1.8.0_231]
	at java.awt.EventQueue.dispatchEventImpl(EventQueue.java:760) [?:1.8.0_231]
	at java.awt.EventQueue.access$500(EventQueue.java:97) [?:1.8.0_231]
	at java.awt.EventQueue$3.run(EventQueue.java:709) [?:1.8.0_231]
	at java.awt.EventQueue$3.run(EventQueue.java:703) [?:1.8.0_231]
	at java.security.AccessController.doPrivileged(Native Method) [?:1.8.0_231]
	at java.security.ProtectionDomain$JavaSecurityAccessImpl.doIntersectionPrivilege(ProtectionDomain.java:74) [?:1.8.0_231]
	at java.security.ProtectionDomain$JavaSecurityAccessImpl.doIntersectionPrivilege(ProtectionDomain.java:84) [?:1.8.0_231]
	at java.awt.EventQueue$4.run(EventQueue.java:733) [?:1.8.0_231]
	at java.awt.EventQueue$4.run(EventQueue.java:731) [?:1.8.0_231]
	at java.security.AccessController.doPrivileged(Native Method) [?:1.8.0_231]
	at java.security.ProtectionDomain$JavaSecurityAccessImpl.doIntersectionPrivilege(ProtectionDomain.java:74) [?:1.8.0_231]
	at java.awt.EventQueue.dispatchEvent(EventQueue.java:730) [?:1.8.0_231]
	at java.awt.EventDispatchThread.pumpOneEventForFilters(EventDispatchThread.java:205) [?:1.8.0_231]
	at java.awt.EventDispatchThread.pumpEventsForFilter(EventDispatchThread.java:116) [?:1.8.0_231]
	at java.awt.EventDispatchThread.pumpEventsForHierarchy(EventDispatchThread.java:105) [?:1.8.0_231]
	at java.awt.EventDispatchThread.pumpEvents(EventDispatchThread.java:101) [?:1.8.0_231]
	at java.awt.EventDispatchThread.pumpEvents(EventDispatchThread.java:93) [?:1.8.0_231]
	at java.awt.EventDispatchThread.run(EventDispatchThread.java:82) [?:1.8.0_231]
Caused by: java.lang.ArrayIndexOutOfBoundsException
2020-01-09 17:03:01,031 WARN o.a.j.s.CSVSaveService: Error parsing field 'allThreads' at line 506. java.lang.NumberFormatException: For input string: "1 POST Envio Mensajes Kafka"
2020-01-09 17:03:01,032 WARN o.a.j.r.ResultCollector: Problem reading JTL file: D:\Herramientas\apache-jmeter-4.0\bin\32500_usuariosVirtuales_60M.jtl
org.apache.jorphan.util.JMeterError: java.lang.NumberFormatException: For input string: "1 POST Envio Mensajes Kafka"
	at org.apache.jmeter.save.CSVSaveService.makeResultFromDelimitedString(CSVSaveService.java:376) ~[ApacheJMeter_core.jar:4.0 r1823414]
	at org.apache.jmeter.save.CSVSaveService.processSamples(CSVSaveService.java:171) ~[ApacheJMeter_core.jar:4.0 r1823414]
	at org.apache.jmeter.reporters.ResultCollector.loadExistingFile(ResultCollector.java:380) [ApacheJMeter_core.jar:4.0 r1823414]
	at kg.apc.jmeter.graphs.AbstractGraphPanelVisualizer.stateChanged(AbstractGraphPanelVisualizer.java:272) [jmeter-plugins-cmn-jmeter-0.4.jar:?]
	at org.apache.jmeter.gui.util.FilePanelEntry.fireFileChanged(FilePanelEntry.java:146) [ApacheJMeter_core.jar:4.0 r1823414]
	at org.apache.jmeter.gui.util.FilePanelEntry.actionPerformed(FilePanelEntry.java:164) [ApacheJMeter_core.jar:4.0 r1823414]
	at javax.swing.JTextField.fireActionPerformed(JTextField.java:508) [?:1.8.0_231]
	at javax.swing.JTextField.postActionEvent(JTextField.java:721) [?:1.8.0_231]
	at javax.swing.JTextField$NotifyAction.actionPerformed(JTextField.java:836) [?:1.8.0_231]
	at javax.swing.SwingUtilities.notifyAction(SwingUtilities.java:1668) [?:1.8.0_231]
	at javax.swing.JComponent.processKeyBinding(JComponent.java:2882) [?:1.8.0_231]
	at javax.swing.JComponent.processKeyBindings(JComponent.java:2929) [?:1.8.0_231]
	at javax.swing.JComponent.processKeyEvent(JComponent.java:2845) [?:1.8.0_231]
	at java.awt.Component.processEvent(Component.java:6316) [?:1.8.0_231]
	at java.awt.Container.processEvent(Container.java:2239) [?:1.8.0_231]
	at java.awt.Component.dispatchEventImpl(Component.java:4889) [?:1.8.0_231]
	at java.awt.Container.dispatchEventImpl(Container.java:2297) [?:1.8.0_231]
	at java.awt.Component.dispatchEvent(Component.java:4711) [?:1.8.0_231]
	at java.awt.KeyboardFocusManager.redispatchEvent(KeyboardFocusManager.java:1954) [?:1.8.0_231]
	at java.awt.DefaultKeyboardFocusManager.dispatchKeyEvent(DefaultKeyboardFocusManager.java:835) [?:1.8.0_231]
	at java.awt.DefaultKeyboardFocusManager.preDispatchKeyEvent(DefaultKeyboardFocusManager.java:1103) [?:1.8.0_231]
	at java.awt.DefaultKeyboardFocusManager.typeAheadAssertions(DefaultKeyboardFocusManager.java:974) [?:1.8.0_231]
	at java.awt.DefaultKeyboardFocusManager.dispatchEvent(DefaultKeyboardFocusManager.java:800) [?:1.8.0_231]
	at java.awt.Component.dispatchEventImpl(Component.java:4760) [?:1.8.0_231]
	at java.awt.Container.dispatchEventImpl(Container.java:2297) [?:1.8.0_231]
	at java.awt.Window.dispatchEventImpl(Window.java:2746) [?:1.8.0_231]
	at java.awt.Component.dispatchEvent(Component.java:4711) [?:1.8.0_231]
	at java.awt.EventQueue.dispatchEventImpl(EventQueue.java:760) [?:1.8.0_231]
	at java.awt.EventQueue.access$500(EventQueue.java:97) [?:1.8.0_231]
	at java.awt.EventQueue$3.run(EventQueue.java:709) [?:1.8.0_231]
	at java.awt.EventQueue$3.run(EventQueue.java:703) [?:1.8.0_231]
	at java.security.AccessController.doPrivileged(Native Method) [?:1.8.0_231]
	at java.security.ProtectionDomain$JavaSecurityAccessImpl.doIntersectionPrivilege(ProtectionDomain.java:74) [?:1.8.0_231]
	at java.security.ProtectionDomain$JavaSecurityAccessImpl.doIntersectionPrivilege(ProtectionDomain.java:84) [?:1.8.0_231]
	at java.awt.EventQueue$4.run(EventQueue.java:733) [?:1.8.0_231]
	at java.awt.EventQueue$4.run(EventQueue.java:731) [?:1.8.0_231]
	at java.security.AccessController.doPrivileged(Native Method) [?:1.8.0_231]
	at java.security.ProtectionDomain$JavaSecurityAccessImpl.doIntersectionPrivilege(ProtectionDomain.java:74) [?:1.8.0_231]
	at java.awt.EventQueue.dispatchEvent(EventQueue.java:730) [?:1.8.0_231]
	at java.awt.EventDispatchThread.pumpOneEventForFilters(EventDispatchThread.java:205) [?:1.8.0_231]
	at java.awt.EventDispatchThread.pumpEventsForFilter(EventDispatchThread.java:116) [?:1.8.0_231]
	at java.awt.EventDispatchThread.pumpEventsForHierarchy(EventDispatchThread.java:105) [?:1.8.0_231]
	at java.awt.EventDispatchThread.pumpEvents(EventDispatchThread.java:101) [?:1.8.0_231]
	at java.awt.EventDispatchThread.pumpEvents(EventDispatchThread.java:93) [?:1.8.0_231]
	at java.awt.EventDispatchThread.run(EventDispatchThread.java:82) [?:1.8.0_231]
Caused by: java.lang.NumberFormatException: For input string: "1 POST Envio Mensajes Kafka"
	at java.lang.NumberFormatException.forInputString(NumberFormatException.java:65) ~[?:1.8.0_231]
	at java.lang.Integer.parseInt(Integer.java:580) ~[?:1.8.0_231]
	at java.lang.Integer.parseInt(Integer.java:615) ~[?:1.8.0_231]
	at org.apache.jmeter.save.CSVSaveService.makeResultFromDelimitedString(CSVSaveService.java:317) ~[ApacheJMeter_core.jar:4.0 r1823414]
	... 44 more
2020-01-09 17:03:34,652 WARN o.a.j.s.CSVSaveService: Insufficient columns to parse field 'sentBytes' at line 2841
2020-01-09 17:03:34,653 WARN o.a.j.r.ResultCollector: Problem reading JTL file: D:\Herramientas\apache-jmeter-4.0\bin\65000_usuariosVirtuales_60M.jtl
org.apache.jorphan.util.JMeterError: java.lang.ArrayIndexOutOfBoundsException
	at org.apache.jmeter.save.CSVSaveService.makeResultFromDelimitedString(CSVSaveService.java:379) ~[ApacheJMeter_core.jar:4.0 r1823414]
	at org.apache.jmeter.save.CSVSaveService.processSamples(CSVSaveService.java:171) ~[ApacheJMeter_core.jar:4.0 r1823414]
	at org.apache.jmeter.reporters.ResultCollector.loadExistingFile(ResultCollector.java:380) [ApacheJMeter_core.jar:4.0 r1823414]
	at kg.apc.jmeter.graphs.AbstractGraphPanelVisualizer.stateChanged(AbstractGraphPanelVisualizer.java:272) [jmeter-plugins-cmn-jmeter-0.4.jar:?]
	at org.apache.jmeter.gui.util.FilePanelEntry.fireFileChanged(FilePanelEntry.java:146) [ApacheJMeter_core.jar:4.0 r1823414]
	at org.apache.jmeter.gui.util.FilePanelEntry.actionPerformed(FilePanelEntry.java:164) [ApacheJMeter_core.jar:4.0 r1823414]
	at javax.swing.JTextField.fireActionPerformed(JTextField.java:508) [?:1.8.0_231]
	at javax.swing.JTextField.postActionEvent(JTextField.java:721) [?:1.8.0_231]
	at javax.swing.JTextField$NotifyAction.actionPerformed(JTextField.java:836) [?:1.8.0_231]
	at javax.swing.SwingUtilities.notifyAction(SwingUtilities.java:1668) [?:1.8.0_231]
	at javax.swing.JComponent.processKeyBinding(JComponent.java:2882) [?:1.8.0_231]
	at javax.swing.JComponent.processKeyBindings(JComponent.java:2929) [?:1.8.0_231]
	at javax.swing.JComponent.processKeyEvent(JComponent.java:2845) [?:1.8.0_231]
	at java.awt.Component.processEvent(Component.java:6316) [?:1.8.0_231]
	at java.awt.Container.processEvent(Container.java:2239) [?:1.8.0_231]
	at java.awt.Component.dispatchEventImpl(Component.java:4889) [?:1.8.0_231]
	at java.awt.Container.dispatchEventImpl(Container.java:2297) [?:1.8.0_231]
	at java.awt.Component.dispatchEvent(Component.java:4711) [?:1.8.0_231]
	at java.awt.KeyboardFocusManager.redispatchEvent(KeyboardFocusManager.java:1954) [?:1.8.0_231]
	at java.awt.DefaultKeyboardFocusManager.dispatchKeyEvent(DefaultKeyboardFocusManager.java:835) [?:1.8.0_231]
	at java.awt.DefaultKeyboardFocusManager.preDispatchKeyEvent(DefaultKeyboardFocusManager.java:1103) [?:1.8.0_231]
	at java.awt.DefaultKeyboardFocusManager.typeAheadAssertions(DefaultKeyboardFocusManager.java:974) [?:1.8.0_231]
	at java.awt.DefaultKeyboardFocusManager.dispatchEvent(DefaultKeyboardFocusManager.java:800) [?:1.8.0_231]
	at java.awt.Component.dispatchEventImpl(Component.java:4760) [?:1.8.0_231]
	at java.awt.Container.dispatchEventImpl(Container.java:2297) [?:1.8.0_231]
	at java.awt.Window.dispatchEventImpl(Window.java:2746) [?:1.8.0_231]
	at java.awt.Component.dispatchEvent(Component.java:4711) [?:1.8.0_231]
	at java.awt.EventQueue.dispatchEventImpl(EventQueue.java:760) [?:1.8.0_231]
	at java.awt.EventQueue.access$500(EventQueue.java:97) [?:1.8.0_231]
	at java.awt.EventQueue$3.run(EventQueue.java:709) [?:1.8.0_231]
	at java.awt.EventQueue$3.run(EventQueue.java:703) [?:1.8.0_231]
	at java.security.AccessController.doPrivileged(Native Method) [?:1.8.0_231]
	at java.security.ProtectionDomain$JavaSecurityAccessImpl.doIntersectionPrivilege(ProtectionDomain.java:74) [?:1.8.0_231]
	at java.security.ProtectionDomain$JavaSecurityAccessImpl.doIntersectionPrivilege(ProtectionDomain.java:84) [?:1.8.0_231]
	at java.awt.EventQueue$4.run(EventQueue.java:733) [?:1.8.0_231]
	at java.awt.EventQueue$4.run(EventQueue.java:731) [?:1.8.0_231]
	at java.security.AccessController.doPrivileged(Native Method) [?:1.8.0_231]
	at java.security.ProtectionDomain$JavaSecurityAccessImpl.doIntersectionPrivilege(ProtectionDomain.java:74) [?:1.8.0_231]
	at java.awt.EventQueue.dispatchEvent(EventQueue.java:730) [?:1.8.0_231]
	at java.awt.EventDispatchThread.pumpOneEventForFilters(EventDispatchThread.java:205) [?:1.8.0_231]
	at java.awt.EventDispatchThread.pumpEventsForFilter(EventDispatchThread.java:116) [?:1.8.0_231]
	at java.awt.EventDispatchThread.pumpEventsForHierarchy(EventDispatchThread.java:105) [?:1.8.0_231]
	at java.awt.EventDispatchThread.pumpEvents(EventDispatchThread.java:101) [?:1.8.0_231]
	at java.awt.EventDispatchThread.pumpEvents(EventDispatchThread.java:93) [?:1.8.0_231]
	at java.awt.EventDispatchThread.run(EventDispatchThread.java:82) [?:1.8.0_231]
Caused by: java.lang.ArrayIndexOutOfBoundsException
2020-01-09 17:06:41,063 WARN o.a.j.s.CSVSaveService: Error parsing field 'allThreads' at line 506. java.lang.NumberFormatException: For input string: "1 POST Envio Mensajes Kafka"
2020-01-09 17:06:41,063 WARN o.a.j.r.ResultCollector: Problem reading JTL file: D:\Herramientas\apache-jmeter-4.0\bin\32500_usuariosVirtuales_60M.jtl
org.apache.jorphan.util.JMeterError: java.lang.NumberFormatException: For input string: "1 POST Envio Mensajes Kafka"
	at org.apache.jmeter.save.CSVSaveService.makeResultFromDelimitedString(CSVSaveService.java:376) ~[ApacheJMeter_core.jar:4.0 r1823414]
	at org.apache.jmeter.save.CSVSaveService.processSamples(CSVSaveService.java:171) ~[ApacheJMeter_core.jar:4.0 r1823414]
	at org.apache.jmeter.reporters.ResultCollector.loadExistingFile(ResultCollector.java:380) [ApacheJMeter_core.jar:4.0 r1823414]
	at kg.apc.jmeter.graphs.AbstractGraphPanelVisualizer.stateChanged(AbstractGraphPanelVisualizer.java:272) [jmeter-plugins-cmn-jmeter-0.4.jar:?]
	at org.apache.jmeter.gui.util.FilePanelEntry.fireFileChanged(FilePanelEntry.java:146) [ApacheJMeter_core.jar:4.0 r1823414]
	at org.apache.jmeter.gui.util.FilePanelEntry.actionPerformed(FilePanelEntry.java:164) [ApacheJMeter_core.jar:4.0 r1823414]
	at javax.swing.JTextField.fireActionPerformed(JTextField.java:508) [?:1.8.0_231]
	at javax.swing.JTextField.postActionEvent(JTextField.java:721) [?:1.8.0_231]
	at javax.swing.JTextField$NotifyAction.actionPerformed(JTextField.java:836) [?:1.8.0_231]
	at javax.swing.SwingUtilities.notifyAction(SwingUtilities.java:1668) [?:1.8.0_231]
	at javax.swing.JComponent.processKeyBinding(JComponent.java:2882) [?:1.8.0_231]
	at javax.swing.JComponent.processKeyBindings(JComponent.java:2929) [?:1.8.0_231]
	at javax.swing.JComponent.processKeyEvent(JComponent.java:2845) [?:1.8.0_231]
	at java.awt.Component.processEvent(Component.java:6316) [?:1.8.0_231]
	at java.awt.Container.processEvent(Container.java:2239) [?:1.8.0_231]
	at java.awt.Component.dispatchEventImpl(Component.java:4889) [?:1.8.0_231]
	at java.awt.Container.dispatchEventImpl(Container.java:2297) [?:1.8.0_231]
	at java.awt.Component.dispatchEvent(Component.java:4711) [?:1.8.0_231]
	at java.awt.KeyboardFocusManager.redispatchEvent(KeyboardFocusManager.java:1954) [?:1.8.0_231]
	at java.awt.DefaultKeyboardFocusManager.dispatchKeyEvent(DefaultKeyboardFocusManager.java:835) [?:1.8.0_231]
	at java.awt.DefaultKeyboardFocusManager.preDispatchKeyEvent(DefaultKeyboardFocusManager.java:1103) [?:1.8.0_231]
	at java.awt.DefaultKeyboardFocusManager.typeAheadAssertions(DefaultKeyboardFocusManager.java:974) [?:1.8.0_231]
	at java.awt.DefaultKeyboardFocusManager.dispatchEvent(DefaultKeyboardFocusManager.java:800) [?:1.8.0_231]
	at java.awt.Component.dispatchEventImpl(Component.java:4760) [?:1.8.0_231]
	at java.awt.Container.dispatchEventImpl(Container.java:2297) [?:1.8.0_231]
	at java.awt.Window.dispatchEventImpl(Window.java:2746) [?:1.8.0_231]
	at java.awt.Component.dispatchEvent(Component.java:4711) [?:1.8.0_231]
	at java.awt.EventQueue.dispatchEventImpl(EventQueue.java:760) [?:1.8.0_231]
	at java.awt.EventQueue.access$500(EventQueue.java:97) [?:1.8.0_231]
	at java.awt.EventQueue$3.run(EventQueue.java:709) [?:1.8.0_231]
	at java.awt.EventQueue$3.run(EventQueue.java:703) [?:1.8.0_231]
	at java.security.AccessController.doPrivileged(Native Method) [?:1.8.0_231]
	at java.security.ProtectionDomain$JavaSecurityAccessImpl.doIntersectionPrivilege(ProtectionDomain.java:74) [?:1.8.0_231]
	at java.security.ProtectionDomain$JavaSecurityAccessImpl.doIntersectionPrivilege(ProtectionDomain.java:84) [?:1.8.0_231]
	at java.awt.EventQueue$4.run(EventQueue.java:733) [?:1.8.0_231]
	at java.awt.EventQueue$4.run(EventQueue.java:731) [?:1.8.0_231]
	at java.security.AccessController.doPrivileged(Native Method) [?:1.8.0_231]
	at java.security.ProtectionDomain$JavaSecurityAccessImpl.doIntersectionPrivilege(ProtectionDomain.java:74) [?:1.8.0_231]
	at java.awt.EventQueue.dispatchEvent(EventQueue.java:730) [?:1.8.0_231]
	at java.awt.EventDispatchThread.pumpOneEventForFilters(EventDispatchThread.java:205) [?:1.8.0_231]
	at java.awt.EventDispatchThread.pumpEventsForFilter(EventDispatchThread.java:116) [?:1.8.0_231]
	at java.awt.EventDispatchThread.pumpEventsForHierarchy(EventDispatchThread.java:105) [?:1.8.0_231]
	at java.awt.EventDispatchThread.pumpEvents(EventDispatchThread.java:101) [?:1.8.0_231]
	at java.awt.EventDispatchThread.pumpEvents(EventDispatchThread.java:93) [?:1.8.0_231]
	at java.awt.EventDispatchThread.run(EventDispatchThread.java:82) [?:1.8.0_231]
Caused by: java.lang.NumberFormatException: For input string: "1 POST Envio Mensajes Kafka"
	at java.lang.NumberFormatException.forInputString(NumberFormatException.java:65) ~[?:1.8.0_231]
	at java.lang.Integer.parseInt(Integer.java:580) ~[?:1.8.0_231]
	at java.lang.Integer.parseInt(Integer.java:615) ~[?:1.8.0_231]
	at org.apache.jmeter.save.CSVSaveService.makeResultFromDelimitedString(CSVSaveService.java:317) ~[ApacheJMeter_core.jar:4.0 r1823414]
	... 44 more
2020-01-09 17:07:20,933 WARN o.a.j.s.CSVSaveService: Insufficient columns to parse field 'sentBytes' at line 2841
2020-01-09 17:07:20,933 WARN o.a.j.r.ResultCollector: Problem reading JTL file: D:\Herramientas\apache-jmeter-4.0\bin\65000_usuariosVirtuales_60M.jtl
org.apache.jorphan.util.JMeterError: java.lang.ArrayIndexOutOfBoundsException
	at org.apache.jmeter.save.CSVSaveService.makeResultFromDelimitedString(CSVSaveService.java:379) ~[ApacheJMeter_core.jar:4.0 r1823414]
	at org.apache.jmeter.save.CSVSaveService.processSamples(CSVSaveService.java:171) ~[ApacheJMeter_core.jar:4.0 r1823414]
	at org.apache.jmeter.reporters.ResultCollector.loadExistingFile(ResultCollector.java:380) [ApacheJMeter_core.jar:4.0 r1823414]
	at kg.apc.jmeter.graphs.AbstractGraphPanelVisualizer.stateChanged(AbstractGraphPanelVisualizer.java:272) [jmeter-plugins-cmn-jmeter-0.4.jar:?]
	at org.apache.jmeter.gui.util.FilePanelEntry.fireFileChanged(FilePanelEntry.java:146) [ApacheJMeter_core.jar:4.0 r1823414]
	at org.apache.jmeter.gui.util.FilePanelEntry.actionPerformed(FilePanelEntry.java:164) [ApacheJMeter_core.jar:4.0 r1823414]
	at javax.swing.JTextField.fireActionPerformed(JTextField.java:508) [?:1.8.0_231]
	at javax.swing.JTextField.postActionEvent(JTextField.java:721) [?:1.8.0_231]
	at javax.swing.JTextField$NotifyAction.actionPerformed(JTextField.java:836) [?:1.8.0_231]
	at javax.swing.SwingUtilities.notifyAction(SwingUtilities.java:1668) [?:1.8.0_231]
	at javax.swing.JComponent.processKeyBinding(JComponent.java:2882) [?:1.8.0_231]
	at javax.swing.JComponent.processKeyBindings(JComponent.java:2929) [?:1.8.0_231]
	at javax.swing.JComponent.processKeyEvent(JComponent.java:2845) [?:1.8.0_231]
	at java.awt.Component.processEvent(Component.java:6316) [?:1.8.0_231]
	at java.awt.Container.processEvent(Container.java:2239) [?:1.8.0_231]
	at java.awt.Component.dispatchEventImpl(Component.java:4889) [?:1.8.0_231]
	at java.awt.Container.dispatchEventImpl(Container.java:2297) [?:1.8.0_231]
	at java.awt.Component.dispatchEvent(Component.java:4711) [?:1.8.0_231]
	at java.awt.KeyboardFocusManager.redispatchEvent(KeyboardFocusManager.java:1954) [?:1.8.0_231]
	at java.awt.DefaultKeyboardFocusManager.dispatchKeyEvent(DefaultKeyboardFocusManager.java:835) [?:1.8.0_231]
	at java.awt.DefaultKeyboardFocusManager.preDispatchKeyEvent(DefaultKeyboardFocusManager.java:1103) [?:1.8.0_231]
	at java.awt.DefaultKeyboardFocusManager.typeAheadAssertions(DefaultKeyboardFocusManager.java:974) [?:1.8.0_231]
	at java.awt.DefaultKeyboardFocusManager.dispatchEvent(DefaultKeyboardFocusManager.java:800) [?:1.8.0_231]
	at java.awt.Component.dispatchEventImpl(Component.java:4760) [?:1.8.0_231]
	at java.awt.Container.dispatchEventImpl(Container.java:2297) [?:1.8.0_231]
	at java.awt.Window.dispatchEventImpl(Window.java:2746) [?:1.8.0_231]
	at java.awt.Component.dispatchEvent(Component.java:4711) [?:1.8.0_231]
	at java.awt.EventQueue.dispatchEventImpl(EventQueue.java:760) [?:1.8.0_231]
	at java.awt.EventQueue.access$500(EventQueue.java:97) [?:1.8.0_231]
	at java.awt.EventQueue$3.run(EventQueue.java:709) [?:1.8.0_231]
	at java.awt.EventQueue$3.run(EventQueue.java:703) [?:1.8.0_231]
	at java.security.AccessController.doPrivileged(Native Method) [?:1.8.0_231]
	at java.security.ProtectionDomain$JavaSecurityAccessImpl.doIntersectionPrivilege(ProtectionDomain.java:74) [?:1.8.0_231]
	at java.security.ProtectionDomain$JavaSecurityAccessImpl.doIntersectionPrivilege(ProtectionDomain.java:84) [?:1.8.0_231]
	at java.awt.EventQueue$4.run(EventQueue.java:733) [?:1.8.0_231]
	at java.awt.EventQueue$4.run(EventQueue.java:731) [?:1.8.0_231]
	at java.security.AccessController.doPrivileged(Native Method) [?:1.8.0_231]
	at java.security.ProtectionDomain$JavaSecurityAccessImpl.doIntersectionPrivilege(ProtectionDomain.java:74) [?:1.8.0_231]
	at java.awt.EventQueue.dispatchEvent(EventQueue.java:730) [?:1.8.0_231]
	at java.awt.EventDispatchThread.pumpOneEventForFilters(EventDispatchThread.java:205) [?:1.8.0_231]
	at java.awt.EventDispatchThread.pumpEventsForFilter(EventDispatchThread.java:116) [?:1.8.0_231]
	at java.awt.EventDispatchThread.pumpEventsForHierarchy(EventDispatchThread.java:105) [?:1.8.0_231]
	at java.awt.EventDispatchThread.pumpEvents(EventDispatchThread.java:101) [?:1.8.0_231]
	at java.awt.EventDispatchThread.pumpEvents(EventDispatchThread.java:93) [?:1.8.0_231]
	at java.awt.EventDispatchThread.run(EventDispatchThread.java:82) [?:1.8.0_231]
Caused by: java.lang.ArrayIndexOutOfBoundsException
2020-01-09 17:09:23,725 WARN o.a.j.s.CSVSaveService: Error parsing field 'allThreads' at line 506. java.lang.NumberFormatException: For input string: "1 POST Envio Mensajes Kafka"
2020-01-09 17:09:23,725 WARN o.a.j.r.ResultCollector: Problem reading JTL file: D:\Herramientas\apache-jmeter-4.0\bin\32500_usuariosVirtuales_60M.jtl
org.apache.jorphan.util.JMeterError: java.lang.NumberFormatException: For input string: "1 POST Envio Mensajes Kafka"
	at org.apache.jmeter.save.CSVSaveService.makeResultFromDelimitedString(CSVSaveService.java:376) ~[ApacheJMeter_core.jar:4.0 r1823414]
	at org.apache.jmeter.save.CSVSaveService.processSamples(CSVSaveService.java:171) ~[ApacheJMeter_core.jar:4.0 r1823414]
	at org.apache.jmeter.reporters.ResultCollector.loadExistingFile(ResultCollector.java:380) [ApacheJMeter_core.jar:4.0 r1823414]
	at kg.apc.jmeter.graphs.AbstractGraphPanelVisualizer.stateChanged(AbstractGraphPanelVisualizer.java:272) [jmeter-plugins-cmn-jmeter-0.4.jar:?]
	at org.apache.jmeter.gui.util.FilePanelEntry.fireFileChanged(FilePanelEntry.java:146) [ApacheJMeter_core.jar:4.0 r1823414]
	at org.apache.jmeter.gui.util.FilePanelEntry.actionPerformed(FilePanelEntry.java:164) [ApacheJMeter_core.jar:4.0 r1823414]
	at javax.swing.JTextField.fireActionPerformed(JTextField.java:508) [?:1.8.0_231]
	at javax.swing.JTextField.postActionEvent(JTextField.java:721) [?:1.8.0_231]
	at javax.swing.JTextField$NotifyAction.actionPerformed(JTextField.java:836) [?:1.8.0_231]
	at javax.swing.SwingUtilities.notifyAction(SwingUtilities.java:1668) [?:1.8.0_231]
	at javax.swing.JComponent.processKeyBinding(JComponent.java:2882) [?:1.8.0_231]
	at javax.swing.JComponent.processKeyBindings(JComponent.java:2929) [?:1.8.0_231]
	at javax.swing.JComponent.processKeyEvent(JComponent.java:2845) [?:1.8.0_231]
	at java.awt.Component.processEvent(Component.java:6316) [?:1.8.0_231]
	at java.awt.Container.processEvent(Container.java:2239) [?:1.8.0_231]
	at java.awt.Component.dispatchEventImpl(Component.java:4889) [?:1.8.0_231]
	at java.awt.Container.dispatchEventImpl(Container.java:2297) [?:1.8.0_231]
	at java.awt.Component.dispatchEvent(Component.java:4711) [?:1.8.0_231]
	at java.awt.KeyboardFocusManager.redispatchEvent(KeyboardFocusManager.java:1954) [?:1.8.0_231]
	at java.awt.DefaultKeyboardFocusManager.dispatchKeyEvent(DefaultKeyboardFocusManager.java:835) [?:1.8.0_231]
	at java.awt.DefaultKeyboardFocusManager.preDispatchKeyEvent(DefaultKeyboardFocusManager.java:1103) [?:1.8.0_231]
	at java.awt.DefaultKeyboardFocusManager.typeAheadAssertions(DefaultKeyboardFocusManager.java:974) [?:1.8.0_231]
	at java.awt.DefaultKeyboardFocusManager.dispatchEvent(DefaultKeyboardFocusManager.java:800) [?:1.8.0_231]
	at java.awt.Component.dispatchEventImpl(Component.java:4760) [?:1.8.0_231]
	at java.awt.Container.dispatchEventImpl(Container.java:2297) [?:1.8.0_231]
	at java.awt.Window.dispatchEventImpl(Window.java:2746) [?:1.8.0_231]
	at java.awt.Component.dispatchEvent(Component.java:4711) [?:1.8.0_231]
	at java.awt.EventQueue.dispatchEventImpl(EventQueue.java:760) [?:1.8.0_231]
	at java.awt.EventQueue.access$500(EventQueue.java:97) [?:1.8.0_231]
	at java.awt.EventQueue$3.run(EventQueue.java:709) [?:1.8.0_231]
	at java.awt.EventQueue$3.run(EventQueue.java:703) [?:1.8.0_231]
	at java.security.AccessController.doPrivileged(Native Method) [?:1.8.0_231]
	at java.security.ProtectionDomain$JavaSecurityAccessImpl.doIntersectionPrivilege(ProtectionDomain.java:74) [?:1.8.0_231]
	at java.security.ProtectionDomain$JavaSecurityAccessImpl.doIntersectionPrivilege(ProtectionDomain.java:84) [?:1.8.0_231]
	at java.awt.EventQueue$4.run(EventQueue.java:733) [?:1.8.0_231]
	at java.awt.EventQueue$4.run(EventQueue.java:731) [?:1.8.0_231]
	at java.security.AccessController.doPrivileged(Native Method) [?:1.8.0_231]
	at java.security.ProtectionDomain$JavaSecurityAccessImpl.doIntersectionPrivilege(ProtectionDomain.java:74) [?:1.8.0_231]
	at java.awt.EventQueue.dispatchEvent(EventQueue.java:730) [?:1.8.0_231]
	at java.awt.EventDispatchThread.pumpOneEventForFilters(EventDispatchThread.java:205) [?:1.8.0_231]
	at java.awt.EventDispatchThread.pumpEventsForFilter(EventDispatchThread.java:116) [?:1.8.0_231]
	at java.awt.EventDispatchThread.pumpEventsForHierarchy(EventDispatchThread.java:105) [?:1.8.0_231]
	at java.awt.EventDispatchThread.pumpEvents(EventDispatchThread.java:101) [?:1.8.0_231]
	at java.awt.EventDispatchThread.pumpEvents(EventDispatchThread.java:93) [?:1.8.0_231]
	at java.awt.EventDispatchThread.run(EventDispatchThread.java:82) [?:1.8.0_231]
Caused by: java.lang.NumberFormatException: For input string: "1 POST Envio Mensajes Kafka"
	at java.lang.NumberFormatException.forInputString(NumberFormatException.java:65) ~[?:1.8.0_231]
	at java.lang.Integer.parseInt(Integer.java:580) ~[?:1.8.0_231]
	at java.lang.Integer.parseInt(Integer.java:615) ~[?:1.8.0_231]
	at org.apache.jmeter.save.CSVSaveService.makeResultFromDelimitedString(CSVSaveService.java:317) ~[ApacheJMeter_core.jar:4.0 r1823414]
	... 44 more
2020-01-09 17:09:38,782 WARN o.a.j.s.CSVSaveService: Insufficient columns to parse field 'sentBytes' at line 2841
2020-01-09 17:09:38,782 WARN o.a.j.r.ResultCollector: Problem reading JTL file: D:\Herramientas\apache-jmeter-4.0\bin\65000_usuariosVirtuales_60M.jtl
org.apache.jorphan.util.JMeterError: java.lang.ArrayIndexOutOfBoundsException
	at org.apache.jmeter.save.CSVSaveService.makeResultFromDelimitedString(CSVSaveService.java:379) ~[ApacheJMeter_core.jar:4.0 r1823414]
	at org.apache.jmeter.save.CSVSaveService.processSamples(CSVSaveService.java:171) ~[ApacheJMeter_core.jar:4.0 r1823414]
	at org.apache.jmeter.reporters.ResultCollector.loadExistingFile(ResultCollector.java:380) [ApacheJMeter_core.jar:4.0 r1823414]
	at kg.apc.jmeter.graphs.AbstractGraphPanelVisualizer.stateChanged(AbstractGraphPanelVisualizer.java:272) [jmeter-plugins-cmn-jmeter-0.4.jar:?]
	at org.apache.jmeter.gui.util.FilePanelEntry.fireFileChanged(FilePanelEntry.java:146) [ApacheJMeter_core.jar:4.0 r1823414]
	at org.apache.jmeter.gui.util.FilePanelEntry.actionPerformed(FilePanelEntry.java:164) [ApacheJMeter_core.jar:4.0 r1823414]
	at javax.swing.JTextField.fireActionPerformed(JTextField.java:508) [?:1.8.0_231]
	at javax.swing.JTextField.postActionEvent(JTextField.java:721) [?:1.8.0_231]
	at javax.swing.JTextField$NotifyAction.actionPerformed(JTextField.java:836) [?:1.8.0_231]
	at javax.swing.SwingUtilities.notifyAction(SwingUtilities.java:1668) [?:1.8.0_231]
	at javax.swing.JComponent.processKeyBinding(JComponent.java:2882) [?:1.8.0_231]
	at javax.swing.JComponent.processKeyBindings(JComponent.java:2929) [?:1.8.0_231]
	at javax.swing.JComponent.processKeyEvent(JComponent.java:2845) [?:1.8.0_231]
	at java.awt.Component.processEvent(Component.java:6316) [?:1.8.0_231]
	at java.awt.Container.processEvent(Container.java:2239) [?:1.8.0_231]
	at java.awt.Component.dispatchEventImpl(Component.java:4889) [?:1.8.0_231]
	at java.awt.Container.dispatchEventImpl(Container.java:2297) [?:1.8.0_231]
	at java.awt.Component.dispatchEvent(Component.java:4711) [?:1.8.0_231]
	at java.awt.KeyboardFocusManager.redispatchEvent(KeyboardFocusManager.java:1954) [?:1.8.0_231]
	at java.awt.DefaultKeyboardFocusManager.dispatchKeyEvent(DefaultKeyboardFocusManager.java:835) [?:1.8.0_231]
	at java.awt.DefaultKeyboardFocusManager.preDispatchKeyEvent(DefaultKeyboardFocusManager.java:1103) [?:1.8.0_231]
	at java.awt.DefaultKeyboardFocusManager.typeAheadAssertions(DefaultKeyboardFocusManager.java:974) [?:1.8.0_231]
	at java.awt.DefaultKeyboardFocusManager.dispatchEvent(DefaultKeyboardFocusManager.java:800) [?:1.8.0_231]
	at java.awt.Component.dispatchEventImpl(Component.java:4760) [?:1.8.0_231]
	at java.awt.Container.dispatchEventImpl(Container.java:2297) [?:1.8.0_231]
	at java.awt.Window.dispatchEventImpl(Window.java:2746) [?:1.8.0_231]
	at java.awt.Component.dispatchEvent(Component.java:4711) [?:1.8.0_231]
	at java.awt.EventQueue.dispatchEventImpl(EventQueue.java:760) [?:1.8.0_231]
	at java.awt.EventQueue.access$500(EventQueue.java:97) [?:1.8.0_231]
	at java.awt.EventQueue$3.run(EventQueue.java:709) [?:1.8.0_231]
	at java.awt.EventQueue$3.run(EventQueue.java:703) [?:1.8.0_231]
	at java.security.AccessController.doPrivileged(Native Method) [?:1.8.0_231]
	at java.security.ProtectionDomain$JavaSecurityAccessImpl.doIntersectionPrivilege(ProtectionDomain.java:74) [?:1.8.0_231]
	at java.security.ProtectionDomain$JavaSecurityAccessImpl.doIntersectionPrivilege(ProtectionDomain.java:84) [?:1.8.0_231]
	at java.awt.EventQueue$4.run(EventQueue.java:733) [?:1.8.0_231]
	at java.awt.EventQueue$4.run(EventQueue.java:731) [?:1.8.0_231]
	at java.security.AccessController.doPrivileged(Native Method) [?:1.8.0_231]
	at java.security.ProtectionDomain$JavaSecurityAccessImpl.doIntersectionPrivilege(ProtectionDomain.java:74) [?:1.8.0_231]
	at java.awt.EventQueue.dispatchEvent(EventQueue.java:730) [?:1.8.0_231]
	at java.awt.EventDispatchThread.pumpOneEventForFilters(EventDispatchThread.java:205) [?:1.8.0_231]
	at java.awt.EventDispatchThread.pumpEventsForFilter(EventDispatchThread.java:116) [?:1.8.0_231]
	at java.awt.EventDispatchThread.pumpEventsForHierarchy(EventDispatchThread.java:105) [?:1.8.0_231]
	at java.awt.EventDispatchThread.pumpEvents(EventDispatchThread.java:101) [?:1.8.0_231]
	at java.awt.EventDispatchThread.pumpEvents(EventDispatchThread.java:93) [?:1.8.0_231]
	at java.awt.EventDispatchThread.run(EventDispatchThread.java:82) [?:1.8.0_231]
Caused by: java.lang.ArrayIndexOutOfBoundsException
2020-01-09 17:11:47,868 WARN o.a.j.s.CSVSaveService: Error parsing field 'allThreads' at line 506. java.lang.NumberFormatException: For input string: "1 POST Envio Mensajes Kafka"
2020-01-09 17:11:47,868 WARN o.a.j.r.ResultCollector: Problem reading JTL file: D:\Herramientas\apache-jmeter-4.0\bin\32500_usuariosVirtuales_60M.jtl
org.apache.jorphan.util.JMeterError: java.lang.NumberFormatException: For input string: "1 POST Envio Mensajes Kafka"
	at org.apache.jmeter.save.CSVSaveService.makeResultFromDelimitedString(CSVSaveService.java:376) ~[ApacheJMeter_core.jar:4.0 r1823414]
	at org.apache.jmeter.save.CSVSaveService.processSamples(CSVSaveService.java:171) ~[ApacheJMeter_core.jar:4.0 r1823414]
	at org.apache.jmeter.reporters.ResultCollector.loadExistingFile(ResultCollector.java:380) [ApacheJMeter_core.jar:4.0 r1823414]
	at org.apache.jmeter.visualizers.gui.AbstractVisualizer.stateChanged(AbstractVisualizer.java:257) [ApacheJMeter_core.jar:4.0 r1823414]
	at org.apache.jmeter.gui.util.FilePanelEntry.fireFileChanged(FilePanelEntry.java:146) [ApacheJMeter_core.jar:4.0 r1823414]
	at org.apache.jmeter.gui.util.FilePanelEntry.actionPerformed(FilePanelEntry.java:161) [ApacheJMeter_core.jar:4.0 r1823414]
	at javax.swing.AbstractButton.fireActionPerformed(AbstractButton.java:2022) [?:1.8.0_231]
	at javax.swing.AbstractButton$Handler.actionPerformed(AbstractButton.java:2348) [?:1.8.0_231]
	at javax.swing.DefaultButtonModel.fireActionPerformed(DefaultButtonModel.java:402) [?:1.8.0_231]
	at javax.swing.DefaultButtonModel.setPressed(DefaultButtonModel.java:259) [?:1.8.0_231]
	at javax.swing.plaf.basic.BasicButtonListener.mouseReleased(BasicButtonListener.java:252) [?:1.8.0_231]
	at java.awt.Component.processMouseEvent(Component.java:6539) [?:1.8.0_231]
	at javax.swing.JComponent.processMouseEvent(JComponent.java:3324) [?:1.8.0_231]
	at java.awt.Component.processEvent(Component.java:6304) [?:1.8.0_231]
	at java.awt.Container.processEvent(Container.java:2239) [?:1.8.0_231]
	at java.awt.Component.dispatchEventImpl(Component.java:4889) [?:1.8.0_231]
	at java.awt.Container.dispatchEventImpl(Container.java:2297) [?:1.8.0_231]
	at java.awt.Component.dispatchEvent(Component.java:4711) [?:1.8.0_231]
	at java.awt.LightweightDispatcher.retargetMouseEvent(Container.java:4904) [?:1.8.0_231]
	at java.awt.LightweightDispatcher.processMouseEvent(Container.java:4535) [?:1.8.0_231]
	at java.awt.LightweightDispatcher.dispatchEvent(Container.java:4476) [?:1.8.0_231]
	at java.awt.Container.dispatchEventImpl(Container.java:2283) [?:1.8.0_231]
	at java.awt.Window.dispatchEventImpl(Window.java:2746) [?:1.8.0_231]
	at java.awt.Component.dispatchEvent(Component.java:4711) [?:1.8.0_231]
	at java.awt.EventQueue.dispatchEventImpl(EventQueue.java:760) [?:1.8.0_231]
	at java.awt.EventQueue.access$500(EventQueue.java:97) [?:1.8.0_231]
	at java.awt.EventQueue$3.run(EventQueue.java:709) [?:1.8.0_231]
	at java.awt.EventQueue$3.run(EventQueue.java:703) [?:1.8.0_231]
	at java.security.AccessController.doPrivileged(Native Method) [?:1.8.0_231]
	at java.security.ProtectionDomain$JavaSecurityAccessImpl.doIntersectionPrivilege(ProtectionDomain.java:74) [?:1.8.0_231]
	at java.security.ProtectionDomain$JavaSecurityAccessImpl.doIntersectionPrivilege(ProtectionDomain.java:84) [?:1.8.0_231]
	at java.awt.EventQueue$4.run(EventQueue.java:733) [?:1.8.0_231]
	at java.awt.EventQueue$4.run(EventQueue.java:731) [?:1.8.0_231]
	at java.security.AccessController.doPrivileged(Native Method) [?:1.8.0_231]
	at java.security.ProtectionDomain$JavaSecurityAccessImpl.doIntersectionPrivilege(ProtectionDomain.java:74) [?:1.8.0_231]
	at java.awt.EventQueue.dispatchEvent(EventQueue.java:730) [?:1.8.0_231]
	at java.awt.EventDispatchThread.pumpOneEventForFilters(EventDispatchThread.java:205) [?:1.8.0_231]
	at java.awt.EventDispatchThread.pumpEventsForFilter(EventDispatchThread.java:116) [?:1.8.0_231]
	at java.awt.EventDispatchThread.pumpEventsForHierarchy(EventDispatchThread.java:105) [?:1.8.0_231]
	at java.awt.EventDispatchThread.pumpEvents(EventDispatchThread.java:101) [?:1.8.0_231]
	at java.awt.EventDispatchThread.pumpEvents(EventDispatchThread.java:93) [?:1.8.0_231]
	at java.awt.EventDispatchThread.run(EventDispatchThread.java:82) [?:1.8.0_231]
Caused by: java.lang.NumberFormatException: For input string: "1 POST Envio Mensajes Kafka"
	at java.lang.NumberFormatException.forInputString(NumberFormatException.java:65) ~[?:1.8.0_231]
	at java.lang.Integer.parseInt(Integer.java:580) ~[?:1.8.0_231]
	at java.lang.Integer.parseInt(Integer.java:615) ~[?:1.8.0_231]
	at org.apache.jmeter.save.CSVSaveService.makeResultFromDelimitedString(CSVSaveService.java:317) ~[ApacheJMeter_core.jar:4.0 r1823414]
	... 41 more
2020-01-09 17:14:15,455 WARN o.a.j.s.CSVSaveService: Error parsing field 'allThreads' at line 506. java.lang.NumberFormatException: For input string: "1 POST Envio Mensajes Kafka"
2020-01-09 17:14:15,455 WARN o.a.j.r.ResultCollector: Problem reading JTL file: D:\Herramientas\apache-jmeter-4.0\bin\32500_usuariosVirtuales_60M.jtl
org.apache.jorphan.util.JMeterError: java.lang.NumberFormatException: For input string: "1 POST Envio Mensajes Kafka"
	at org.apache.jmeter.save.CSVSaveService.makeResultFromDelimitedString(CSVSaveService.java:376) ~[ApacheJMeter_core.jar:4.0 r1823414]
	at org.apache.jmeter.save.CSVSaveService.processSamples(CSVSaveService.java:171) ~[ApacheJMeter_core.jar:4.0 r1823414]
	at org.apache.jmeter.reporters.ResultCollector.loadExistingFile(ResultCollector.java:380) [ApacheJMeter_core.jar:4.0 r1823414]
	at kg.apc.jmeter.graphs.AbstractGraphPanelVisualizer.stateChanged(AbstractGraphPanelVisualizer.java:272) [jmeter-plugins-cmn-jmeter-0.4.jar:?]
	at org.apache.jmeter.gui.util.FilePanelEntry.fireFileChanged(FilePanelEntry.java:146) [ApacheJMeter_core.jar:4.0 r1823414]
	at org.apache.jmeter.gui.util.FilePanelEntry.actionPerformed(FilePanelEntry.java:164) [ApacheJMeter_core.jar:4.0 r1823414]
	at javax.swing.JTextField.fireActionPerformed(JTextField.java:508) [?:1.8.0_231]
	at javax.swing.JTextField.postActionEvent(JTextField.java:721) [?:1.8.0_231]
	at javax.swing.JTextField$NotifyAction.actionPerformed(JTextField.java:836) [?:1.8.0_231]
	at javax.swing.SwingUtilities.notifyAction(SwingUtilities.java:1668) [?:1.8.0_231]
	at javax.swing.JComponent.processKeyBinding(JComponent.java:2882) [?:1.8.0_231]
	at javax.swing.JComponent.processKeyBindings(JComponent.java:2929) [?:1.8.0_231]
	at javax.swing.JComponent.processKeyEvent(JComponent.java:2845) [?:1.8.0_231]
	at java.awt.Component.processEvent(Component.java:6316) [?:1.8.0_231]
	at java.awt.Container.processEvent(Container.java:2239) [?:1.8.0_231]
	at java.awt.Component.dispatchEventImpl(Component.java:4889) [?:1.8.0_231]
	at java.awt.Container.dispatchEventImpl(Container.java:2297) [?:1.8.0_231]
	at java.awt.Component.dispatchEvent(Component.java:4711) [?:1.8.0_231]
	at java.awt.KeyboardFocusManager.redispatchEvent(KeyboardFocusManager.java:1954) [?:1.8.0_231]
	at java.awt.DefaultKeyboardFocusManager.dispatchKeyEvent(DefaultKeyboardFocusManager.java:835) [?:1.8.0_231]
	at java.awt.DefaultKeyboardFocusManager.preDispatchKeyEvent(DefaultKeyboardFocusManager.java:1103) [?:1.8.0_231]
	at java.awt.DefaultKeyboardFocusManager.typeAheadAssertions(DefaultKeyboardFocusManager.java:974) [?:1.8.0_231]
	at java.awt.DefaultKeyboardFocusManager.dispatchEvent(DefaultKeyboardFocusManager.java:800) [?:1.8.0_231]
	at java.awt.Component.dispatchEventImpl(Component.java:4760) [?:1.8.0_231]
	at java.awt.Container.dispatchEventImpl(Container.java:2297) [?:1.8.0_231]
	at java.awt.Window.dispatchEventImpl(Window.java:2746) [?:1.8.0_231]
	at java.awt.Component.dispatchEvent(Component.java:4711) [?:1.8.0_231]
	at java.awt.EventQueue.dispatchEventImpl(EventQueue.java:760) [?:1.8.0_231]
	at java.awt.EventQueue.access$500(EventQueue.java:97) [?:1.8.0_231]
	at java.awt.EventQueue$3.run(EventQueue.java:709) [?:1.8.0_231]
	at java.awt.EventQueue$3.run(EventQueue.java:703) [?:1.8.0_231]
	at java.security.AccessController.doPrivileged(Native Method) [?:1.8.0_231]
	at java.security.ProtectionDomain$JavaSecurityAccessImpl.doIntersectionPrivilege(ProtectionDomain.java:74) [?:1.8.0_231]
	at java.security.ProtectionDomain$JavaSecurityAccessImpl.doIntersectionPrivilege(ProtectionDomain.java:84) [?:1.8.0_231]
	at java.awt.EventQueue$4.run(EventQueue.java:733) [?:1.8.0_231]
	at java.awt.EventQueue$4.run(EventQueue.java:731) [?:1.8.0_231]
	at java.security.AccessController.doPrivileged(Native Method) [?:1.8.0_231]
	at java.security.ProtectionDomain$JavaSecurityAccessImpl.doIntersectionPrivilege(ProtectionDomain.java:74) [?:1.8.0_231]
	at java.awt.EventQueue.dispatchEvent(EventQueue.java:730) [?:1.8.0_231]
	at java.awt.EventDispatchThread.pumpOneEventForFilters(EventDispatchThread.java:205) [?:1.8.0_231]
	at java.awt.EventDispatchThread.pumpEventsForFilter(EventDispatchThread.java:116) [?:1.8.0_231]
	at java.awt.EventDispatchThread.pumpEventsForHierarchy(EventDispatchThread.java:105) [?:1.8.0_231]
	at java.awt.EventDispatchThread.pumpEvents(EventDispatchThread.java:101) [?:1.8.0_231]
	at java.awt.EventDispatchThread.pumpEvents(EventDispatchThread.java:93) [?:1.8.0_231]
	at java.awt.EventDispatchThread.run(EventDispatchThread.java:82) [?:1.8.0_231]
Caused by: java.lang.NumberFormatException: For input string: "1 POST Envio Mensajes Kafka"
	at java.lang.NumberFormatException.forInputString(NumberFormatException.java:65) ~[?:1.8.0_231]
	at java.lang.Integer.parseInt(Integer.java:580) ~[?:1.8.0_231]
	at java.lang.Integer.parseInt(Integer.java:615) ~[?:1.8.0_231]
	at org.apache.jmeter.save.CSVSaveService.makeResultFromDelimitedString(CSVSaveService.java:317) ~[ApacheJMeter_core.jar:4.0 r1823414]
	... 44 more
2020-01-09 17:14:34,383 WARN o.a.j.s.CSVSaveService: Insufficient columns to parse field 'sentBytes' at line 2841
2020-01-09 17:14:34,383 WARN o.a.j.r.ResultCollector: Problem reading JTL file: D:\Herramientas\apache-jmeter-4.0\bin\65000_usuariosVirtuales_60M.jtl
org.apache.jorphan.util.JMeterError: java.lang.ArrayIndexOutOfBoundsException
	at org.apache.jmeter.save.CSVSaveService.makeResultFromDelimitedString(CSVSaveService.java:379) ~[ApacheJMeter_core.jar:4.0 r1823414]
	at org.apache.jmeter.save.CSVSaveService.processSamples(CSVSaveService.java:171) ~[ApacheJMeter_core.jar:4.0 r1823414]
	at org.apache.jmeter.reporters.ResultCollector.loadExistingFile(ResultCollector.java:380) [ApacheJMeter_core.jar:4.0 r1823414]
	at kg.apc.jmeter.graphs.AbstractGraphPanelVisualizer.stateChanged(AbstractGraphPanelVisualizer.java:272) [jmeter-plugins-cmn-jmeter-0.4.jar:?]
	at org.apache.jmeter.gui.util.FilePanelEntry.fireFileChanged(FilePanelEntry.java:146) [ApacheJMeter_core.jar:4.0 r1823414]
	at org.apache.jmeter.gui.util.FilePanelEntry.actionPerformed(FilePanelEntry.java:164) [ApacheJMeter_core.jar:4.0 r1823414]
	at javax.swing.JTextField.fireActionPerformed(JTextField.java:508) [?:1.8.0_231]
	at javax.swing.JTextField.postActionEvent(JTextField.java:721) [?:1.8.0_231]
	at javax.swing.JTextField$NotifyAction.actionPerformed(JTextField.java:836) [?:1.8.0_231]
	at javax.swing.SwingUtilities.notifyAction(SwingUtilities.java:1668) [?:1.8.0_231]
	at javax.swing.JComponent.processKeyBinding(JComponent.java:2882) [?:1.8.0_231]
	at javax.swing.JComponent.processKeyBindings(JComponent.java:2929) [?:1.8.0_231]
	at javax.swing.JComponent.processKeyEvent(JComponent.java:2845) [?:1.8.0_231]
	at java.awt.Component.processEvent(Component.java:6316) [?:1.8.0_231]
	at java.awt.Container.processEvent(Container.java:2239) [?:1.8.0_231]
	at java.awt.Component.dispatchEventImpl(Component.java:4889) [?:1.8.0_231]
	at java.awt.Container.dispatchEventImpl(Container.java:2297) [?:1.8.0_231]
	at java.awt.Component.dispatchEvent(Component.java:4711) [?:1.8.0_231]
	at java.awt.KeyboardFocusManager.redispatchEvent(KeyboardFocusManager.java:1954) [?:1.8.0_231]
	at java.awt.DefaultKeyboardFocusManager.dispatchKeyEvent(DefaultKeyboardFocusManager.java:835) [?:1.8.0_231]
	at java.awt.DefaultKeyboardFocusManager.preDispatchKeyEvent(DefaultKeyboardFocusManager.java:1103) [?:1.8.0_231]
	at java.awt.DefaultKeyboardFocusManager.typeAheadAssertions(DefaultKeyboardFocusManager.java:974) [?:1.8.0_231]
	at java.awt.DefaultKeyboardFocusManager.dispatchEvent(DefaultKeyboardFocusManager.java:800) [?:1.8.0_231]
	at java.awt.Component.dispatchEventImpl(Component.java:4760) [?:1.8.0_231]
	at java.awt.Container.dispatchEventImpl(Container.java:2297) [?:1.8.0_231]
	at java.awt.Window.dispatchEventImpl(Window.java:2746) [?:1.8.0_231]
	at java.awt.Component.dispatchEvent(Component.java:4711) [?:1.8.0_231]
	at java.awt.EventQueue.dispatchEventImpl(EventQueue.java:760) [?:1.8.0_231]
	at java.awt.EventQueue.access$500(EventQueue.java:97) [?:1.8.0_231]
	at java.awt.EventQueue$3.run(EventQueue.java:709) [?:1.8.0_231]
	at java.awt.EventQueue$3.run(EventQueue.java:703) [?:1.8.0_231]
	at java.security.AccessController.doPrivileged(Native Method) [?:1.8.0_231]
	at java.security.ProtectionDomain$JavaSecurityAccessImpl.doIntersectionPrivilege(ProtectionDomain.java:74) [?:1.8.0_231]
	at java.security.ProtectionDomain$JavaSecurityAccessImpl.doIntersectionPrivilege(ProtectionDomain.java:84) [?:1.8.0_231]
	at java.awt.EventQueue$4.run(EventQueue.java:733) [?:1.8.0_231]
	at java.awt.EventQueue$4.run(EventQueue.java:731) [?:1.8.0_231]
	at java.security.AccessController.doPrivileged(Native Method) [?:1.8.0_231]
	at java.security.ProtectionDomain$JavaSecurityAccessImpl.doIntersectionPrivilege(ProtectionDomain.java:74) [?:1.8.0_231]
	at java.awt.EventQueue.dispatchEvent(EventQueue.java:730) [?:1.8.0_231]
	at java.awt.EventDispatchThread.pumpOneEventForFilters(EventDispatchThread.java:205) [?:1.8.0_231]
	at java.awt.EventDispatchThread.pumpEventsForFilter(EventDispatchThread.java:116) [?:1.8.0_231]
	at java.awt.EventDispatchThread.pumpEventsForHierarchy(EventDispatchThread.java:105) [?:1.8.0_231]
	at java.awt.EventDispatchThread.pumpEvents(EventDispatchThread.java:101) [?:1.8.0_231]
	at java.awt.EventDispatchThread.pumpEvents(EventDispatchThread.java:93) [?:1.8.0_231]
	at java.awt.EventDispatchThread.run(EventDispatchThread.java:82) [?:1.8.0_231]
Caused by: java.lang.ArrayIndexOutOfBoundsException
2020-01-10 16:58:04,935 WARN o.a.j.s.CSVSaveService: Error parsing field 'allThreads' at line 506. java.lang.NumberFormatException: For input string: "1 POST Envio Mensajes Kafka"
2020-01-10 16:58:04,937 WARN o.a.j.r.ResultCollector: Problem reading JTL file: D:\Herramientas\apache-jmeter-4.0\bin\32500_usuariosVirtuales_60M.jtl
org.apache.jorphan.util.JMeterError: java.lang.NumberFormatException: For input string: "1 POST Envio Mensajes Kafka"
	at org.apache.jmeter.save.CSVSaveService.makeResultFromDelimitedString(CSVSaveService.java:376) ~[ApacheJMeter_core.jar:4.0 r1823414]
	at org.apache.jmeter.save.CSVSaveService.processSamples(CSVSaveService.java:171) ~[ApacheJMeter_core.jar:4.0 r1823414]
	at org.apache.jmeter.reporters.ResultCollector.loadExistingFile(ResultCollector.java:380) [ApacheJMeter_core.jar:4.0 r1823414]
	at kg.apc.jmeter.graphs.AbstractGraphPanelVisualizer.stateChanged(AbstractGraphPanelVisualizer.java:272) [jmeter-plugins-cmn-jmeter-0.4.jar:?]
	at org.apache.jmeter.gui.util.FilePanelEntry.fireFileChanged(FilePanelEntry.java:146) [ApacheJMeter_core.jar:4.0 r1823414]
	at org.apache.jmeter.gui.util.FilePanelEntry.actionPerformed(FilePanelEntry.java:161) [ApacheJMeter_core.jar:4.0 r1823414]
	at javax.swing.AbstractButton.fireActionPerformed(AbstractButton.java:2022) [?:1.8.0_231]
	at javax.swing.AbstractButton$Handler.actionPerformed(AbstractButton.java:2348) [?:1.8.0_231]
	at javax.swing.DefaultButtonModel.fireActionPerformed(DefaultButtonModel.java:402) [?:1.8.0_231]
	at javax.swing.DefaultButtonModel.setPressed(DefaultButtonModel.java:259) [?:1.8.0_231]
	at javax.swing.plaf.basic.BasicButtonListener.mouseReleased(BasicButtonListener.java:252) [?:1.8.0_231]
	at java.awt.Component.processMouseEvent(Component.java:6539) [?:1.8.0_231]
	at javax.swing.JComponent.processMouseEvent(JComponent.java:3324) [?:1.8.0_231]
	at java.awt.Component.processEvent(Component.java:6304) [?:1.8.0_231]
	at java.awt.Container.processEvent(Container.java:2239) [?:1.8.0_231]
	at java.awt.Component.dispatchEventImpl(Component.java:4889) [?:1.8.0_231]
	at java.awt.Container.dispatchEventImpl(Container.java:2297) [?:1.8.0_231]
	at java.awt.Component.dispatchEvent(Component.java:4711) [?:1.8.0_231]
	at java.awt.LightweightDispatcher.retargetMouseEvent(Container.java:4904) [?:1.8.0_231]
	at java.awt.LightweightDispatcher.processMouseEvent(Container.java:4535) [?:1.8.0_231]
	at java.awt.LightweightDispatcher.dispatchEvent(Container.java:4476) [?:1.8.0_231]
	at java.awt.Container.dispatchEventImpl(Container.java:2283) [?:1.8.0_231]
	at java.awt.Window.dispatchEventImpl(Window.java:2746) [?:1.8.0_231]
	at java.awt.Component.dispatchEvent(Component.java:4711) [?:1.8.0_231]
	at java.awt.EventQueue.dispatchEventImpl(EventQueue.java:760) [?:1.8.0_231]
	at java.awt.EventQueue.access$500(EventQueue.java:97) [?:1.8.0_231]
	at java.awt.EventQueue$3.run(EventQueue.java:709) [?:1.8.0_231]
	at java.awt.EventQueue$3.run(EventQueue.java:703) [?:1.8.0_231]
	at java.security.AccessController.doPrivileged(Native Method) [?:1.8.0_231]
	at java.security.ProtectionDomain$JavaSecurityAccessImpl.doIntersectionPrivilege(ProtectionDomain.java:74) [?:1.8.0_231]
	at java.security.ProtectionDomain$JavaSecurityAccessImpl.doIntersectionPrivilege(ProtectionDomain.java:84) [?:1.8.0_231]
	at java.awt.EventQueue$4.run(EventQueue.java:733) [?:1.8.0_231]
	at java.awt.EventQueue$4.run(EventQueue.java:731) [?:1.8.0_231]
	at java.security.AccessController.doPrivileged(Native Method) [?:1.8.0_231]
	at java.security.ProtectionDomain$JavaSecurityAccessImpl.doIntersectionPrivilege(ProtectionDomain.java:74) [?:1.8.0_231]
	at java.awt.EventQueue.dispatchEvent(EventQueue.java:730) [?:1.8.0_231]
	at java.awt.EventDispatchThread.pumpOneEventForFilters(EventDispatchThread.java:205) [?:1.8.0_231]
	at java.awt.EventDispatchThread.pumpEventsForFilter(EventDispatchThread.java:116) [?:1.8.0_231]
	at java.awt.EventDispatchThread.pumpEventsForHierarchy(EventDispatchThread.java:105) [?:1.8.0_231]
	at java.awt.EventDispatchThread.pumpEvents(EventDispatchThread.java:101) [?:1.8.0_231]
	at java.awt.EventDispatchThread.pumpEvents(EventDispatchThread.java:93) [?:1.8.0_231]
	at java.awt.EventDispatchThread.run(EventDispatchThread.java:82) [?:1.8.0_231]
Caused by: java.lang.NumberFormatException: For input string: "1 POST Envio Mensajes Kafka"
	at java.lang.NumberFormatException.forInputString(NumberFormatException.java:65) ~[?:1.8.0_231]
	at java.lang.Integer.parseInt(Integer.java:580) ~[?:1.8.0_231]
	at java.lang.Integer.parseInt(Integer.java:615) ~[?:1.8.0_231]
	at org.apache.jmeter.save.CSVSaveService.makeResultFromDelimitedString(CSVSaveService.java:317) ~[ApacheJMeter_core.jar:4.0 r1823414]
	... 41 more
2020-01-10 16:58:11,129 WARN o.a.j.s.CSVSaveService: Insufficient columns to parse field 'sentBytes' at line 2841
2020-01-10 16:58:11,130 WARN o.a.j.r.ResultCollector: Problem reading JTL file: D:\Herramientas\apache-jmeter-4.0\bin\65000_usuariosVirtuales_60M.jtl
org.apache.jorphan.util.JMeterError: java.lang.ArrayIndexOutOfBoundsException
	at org.apache.jmeter.save.CSVSaveService.makeResultFromDelimitedString(CSVSaveService.java:379) ~[ApacheJMeter_core.jar:4.0 r1823414]
	at org.apache.jmeter.save.CSVSaveService.processSamples(CSVSaveService.java:171) ~[ApacheJMeter_core.jar:4.0 r1823414]
	at org.apache.jmeter.reporters.ResultCollector.loadExistingFile(ResultCollector.java:380) [ApacheJMeter_core.jar:4.0 r1823414]
	at kg.apc.jmeter.graphs.AbstractGraphPanelVisualizer.stateChanged(AbstractGraphPanelVisualizer.java:272) [jmeter-plugins-cmn-jmeter-0.4.jar:?]
	at org.apache.jmeter.gui.util.FilePanelEntry.fireFileChanged(FilePanelEntry.java:146) [ApacheJMeter_core.jar:4.0 r1823414]
	at org.apache.jmeter.gui.util.FilePanelEntry.actionPerformed(FilePanelEntry.java:161) [ApacheJMeter_core.jar:4.0 r1823414]
	at javax.swing.AbstractButton.fireActionPerformed(AbstractButton.java:2022) [?:1.8.0_231]
	at javax.swing.AbstractButton$Handler.actionPerformed(AbstractButton.java:2348) [?:1.8.0_231]
	at javax.swing.DefaultButtonModel.fireActionPerformed(DefaultButtonModel.java:402) [?:1.8.0_231]
	at javax.swing.DefaultButtonModel.setPressed(DefaultButtonModel.java:259) [?:1.8.0_231]
	at javax.swing.plaf.basic.BasicButtonListener.mouseReleased(BasicButtonListener.java:252) [?:1.8.0_231]
	at java.awt.Component.processMouseEvent(Component.java:6539) [?:1.8.0_231]
	at javax.swing.JComponent.processMouseEvent(JComponent.java:3324) [?:1.8.0_231]
	at java.awt.Component.processEvent(Component.java:6304) [?:1.8.0_231]
	at java.awt.Container.processEvent(Container.java:2239) [?:1.8.0_231]
	at java.awt.Component.dispatchEventImpl(Component.java:4889) [?:1.8.0_231]
	at java.awt.Container.dispatchEventImpl(Container.java:2297) [?:1.8.0_231]
	at java.awt.Component.dispatchEvent(Component.java:4711) [?:1.8.0_231]
	at java.awt.LightweightDispatcher.retargetMouseEvent(Container.java:4904) [?:1.8.0_231]
	at java.awt.LightweightDispatcher.processMouseEvent(Container.java:4535) [?:1.8.0_231]
	at java.awt.LightweightDispatcher.dispatchEvent(Container.java:4476) [?:1.8.0_231]
	at java.awt.Container.dispatchEventImpl(Container.java:2283) [?:1.8.0_231]
	at java.awt.Window.dispatchEventImpl(Window.java:2746) [?:1.8.0_231]
	at java.awt.Component.dispatchEvent(Component.java:4711) [?:1.8.0_231]
	at java.awt.EventQueue.dispatchEventImpl(EventQueue.java:760) [?:1.8.0_231]
	at java.awt.EventQueue.access$500(EventQueue.java:97) [?:1.8.0_231]
	at java.awt.EventQueue$3.run(EventQueue.java:709) [?:1.8.0_231]
	at java.awt.EventQueue$3.run(EventQueue.java:703) [?:1.8.0_231]
	at java.security.AccessController.doPrivileged(Native Method) [?:1.8.0_231]
	at java.security.ProtectionDomain$JavaSecurityAccessImpl.doIntersectionPrivilege(ProtectionDomain.java:74) [?:1.8.0_231]
	at java.security.ProtectionDomain$JavaSecurityAccessImpl.doIntersectionPrivilege(ProtectionDomain.java:84) [?:1.8.0_231]
	at java.awt.EventQueue$4.run(EventQueue.java:733) [?:1.8.0_231]
	at java.awt.EventQueue$4.run(EventQueue.java:731) [?:1.8.0_231]
	at java.security.AccessController.doPrivileged(Native Method) [?:1.8.0_231]
	at java.security.ProtectionDomain$JavaSecurityAccessImpl.doIntersectionPrivilege(ProtectionDomain.java:74) [?:1.8.0_231]
	at java.awt.EventQueue.dispatchEvent(EventQueue.java:730) [?:1.8.0_231]
	at java.awt.EventDispatchThread.pumpOneEventForFilters(EventDispatchThread.java:205) [?:1.8.0_231]
	at java.awt.EventDispatchThread.pumpEventsForFilter(EventDispatchThread.java:116) [?:1.8.0_231]
	at java.awt.EventDispatchThread.pumpEventsForHierarchy(EventDispatchThread.java:105) [?:1.8.0_231]
	at java.awt.EventDispatchThread.pumpEvents(EventDispatchThread.java:101) [?:1.8.0_231]
	at java.awt.EventDispatchThread.pumpEvents(EventDispatchThread.java:93) [?:1.8.0_231]
	at java.awt.EventDispatchThread.run(EventDispatchThread.java:82) [?:1.8.0_231]
Caused by: java.lang.ArrayIndexOutOfBoundsException
